#
# A fatal error has been detected by the Java Runtime Environment:
#
#  EXCEPTION_ACCESS_VIOLATION (0xc0000005) at pc=0x00000153cc238e5f, pid=12452, tid=14212
#
# JRE version: OpenJDK Runtime Environment Temurin-17.0.11+9 (17.0.11+9) (build 17.0.11+9)
# Java VM: OpenJDK 64-Bit Server VM Temurin-17.0.11+9 (17.0.11+9, mixed mode, emulated-client, tiered, compressed oops, compressed class ptrs, g1 gc, windows-amd64)
# Problematic frame:
# j  org.apache.coyote.AbstractProtocol.getUtilityExecutor()Ljava/util/concurrent/ScheduledExecutorService;+4
#
# No core dump will be written. Minidumps are not enabled by default on client versions of Windows
#
# If you would like to submit a bug report, please visit:
#   https://github.com/adoptium/adoptium-support/issues
#

---------------  S U M M A R Y ------------

Command Line: -Dcom.sun.management.jmxremote -Dcom.sun.management.jmxremote.port=52638 -Dcom.sun.management.jmxremote.authenticate=false -Dcom.sun.management.jmxremote.ssl=false -Djava.rmi.server.hostname=localhost -Dspring.jmx.enabled=true -Dmanagement.endpoints.jmx.exposure.include=* -Dspring.application.admin.enabled=true -XX:TieredStopAtLevel=1 -Dspring.boot.project.name=blogpessoal -Dfile.encoding=UTF-8 -Dstdout.encoding=UTF-8 -Dstderr.encoding=UTF-8 -XX:+ShowCodeDetailsInExceptionMessages com.generation.blogpessoal.BlogpessoalApplication --spring.output.ansi.enabled=always

Host: AMD Ryzen 5 3500U with Radeon Vega Mobile Gfx  , 8 cores, 5G,  Windows 10 , 64 bit Build 19041 (10.0.19041.3636)
Time: Thu May 23 15:15:57 2024 Hora oficial do Brasil elapsed time: 10.223520 seconds (0d 0h 0m 10s)

---------------  T H R E A D  ---------------

Current thread (0x00000153da5d3d30):  JavaThread "Catalina-utility-2" [_thread_in_Java, id=14212, stack(0x00000024ea700000,0x00000024ea800000)]

Stack: [0x00000024ea700000,0x00000024ea800000],  sp=0x00000024ea7fef30,  free space=1019k
Native frames: (J=compiled Java code, j=interpreted, Vv=VM code, C=native code)
C  0x00000153cc238e5f

The last pc belongs to invokevirtual (printed below).

siginfo: EXCEPTION_ACCESS_VIOLATION (0xc0000005), reading address 0x0000002100505b90


Registers:
RAX=0x0000000100505828, RBX=0x0000000400000034, RCX=0x00000000a1b082c0, RDX=0x0000000080000001
RSP=0x00000024ea7fef30, RBP=0x00000024ea7fef88, RSI=0x000000000000002b, RDI=0x0000000000000018
R8 =0x0000000000000004, R9 =0x00000000000000de, R10=0x00007ffc576660e0, R11=0x00000153d7fd4948
R12=0x0000000000000000, R13=0x00000153d7fd2194, R14=0x00000024ea7fef98, R15=0x00000153da5d3d30
RIP=0x00000153cc238e5f, EFLAGS=0x0000000000010216


Register to memory mapping:

RIP=0x00000153cc238e5f is at code_begin+351 in an Interpreter codelet
invokevirtual  182 invokevirtual  [0x00000153cc238d00, 0x00000153cc238e80]  384 bytes
RAX=0x0000000100505828 is a pointer to class: 
org.apache.tomcat.util.net.NioEndpoint {0x0000000100505830}
 - instance size:     26
 - klass size:        202
 - access:            public synchronized 
 - state:             fully_initialized
 - name:              'org/apache/tomcat/util/net/NioEndpoint'
 - super:             'org/apache/tomcat/util/net/AbstractJsseEndpoint'
 - sub:               
 - arrays:            NULL
 - methods:           Array<T>(0x00000153d808b0d8)
 - method ordering:   Array<T>(0x00000153d6000018)
 - default_methods:   Array<T>(0x0000000000000000)
 - local interfaces:  Array<T>(0x00000153d6000058)
 - trans. interfaces: Array<T>(0x00000153d6000058)
 - constants:         constant pool [765]/operands[25] {0x00000153d80897e0} for 'org/apache/tomcat/util/net/NioEndpoint' cache=0x00000153d8098000
 - class loader data:  loader data: 0x00000153d59094f0 for instance a 'jdk/internal/loader/ClassLoaders$AppClassLoader'{0x00000000a10b6fc8}
 - source file:       'NioEndpoint.java'
 - class annotations:       Array<T>(0x0000000000000000)
 - class type annotations:  Array<T>(0x0000000000000000)
 - field annotations:       Array<T>(0x0000000000000000)
 - field type annotations:  Array<T>(0x0000000000000000)
 - generic signature: 'Lorg/apache/tomcat/util/net/AbstractJsseEndpoint<Lorg/apache/tomcat/util/net/NioChannel;Ljava/nio/channels/SocketChannel;>;'
 - inner classes:     Array<T>(0x00000153d808d330)
 - nest members:     Array<T>(0x00000153d808d398)
 - permitted subclasses:     Array<T>(0x00000153d6000028)
 - java mirror:       a 'java/lang/Class'{0x00000000a1bb0450} = 'org/apache/tomcat/util/net/NioEndpoint'
 - vtable length      140  (start addr: 0x00000001005059f0)
 - itable length      2 (start addr: 0x0000000100505e50)
 - ---- static fields (2 words):
 - private static final 'log' 'Lorg/apache/juli/logging/Log;' @112 
 - private static final 'logCertificate' 'Lorg/apache/juli/logging/Log;' @116 
 - private static final 'logHandshake' 'Lorg/apache/juli/logging/Log;' @120 
 - public static final 'OP_REGISTER' 'I' @124 
 - ---- non-static fields (49 words):
 - protected 'acceptorThreadPriority' 'I' @12 
 - private 'executorTerminationTimeoutMillis' 'J' @16 
 - private 'maxConnections' 'I' @24 
 - private 'port' 'I' @28 
 - private 'portOffset' 'I' @32 
 - private 'acceptCount' 'I' @36 
 - private 'minSpareThreads' 'I' @40 
 - private 'maxThreads' 'I' @44 
 - private 'threadsMaxIdleTime' 'I' @48 
 - protected 'threadPriority' 'I' @52 
 - private 'maxKeepAliveRequests' 'I' @56 
 - protected volatile 'running' 'Z' @60 
 - protected volatile 'paused' 'Z' @61 
 - protected volatile 'internalExecutor' 'Z' @62 
 - private 'useSendfile' 'Z' @63 
 - private 'useVirtualThreads' 'Z' @64 
 - private 'bindOnInit' 'Z' @65 
 - private 'SSLEnabled' 'Z' @66 
 - private 'daemon' 'Z' @67 
 - private 'useAsyncIO' 'Z' @68 
 - private volatile 'connectionLimitLatch' 'Lorg/apache/tomcat/util/threads/LimitLatch;' @72 
 - protected final 'socketProperties' 'Lorg/apache/tomcat/util/net/SocketProperties;' @76 
 - protected 'acceptor' 'Lorg/apache/tomcat/util/net/Acceptor;' @80 
 - protected 'processorCache' 'Lorg/apache/tomcat/util/collections/SynchronizedStack;' @84 
 - private 'oname' 'Ljavax/management/ObjectName;' @88 
 - protected 'connections' 'Ljava/util/Map;' @92 
 - private 'defaultSSLHostConfigName' 'Ljava/lang/String;' @96 
 - protected 'sslHostConfigs' 'Ljava/util/concurrent/ConcurrentMap;' @100 
 - private 'executor' 'Ljava/util/concurrent/Executor;' @104 
 - private 'utilityExecutor' 'Ljava/util/concurrent/ScheduledExecutorService;' @108 
 - private 'address' 'Ljava/net/InetAddress;' @112 
 - private volatile 'bindState' 'Lorg/apache/tomcat/util/net/AbstractEndpoint$BindState;' @116 
 - private 'keepAliveTimeout' 'Ljava/lang/Integer;' @120 
 - private 'name' 'Ljava/lang/String;' @124 
 - private 'domain' 'Ljava/lang/String;' @128 
 - protected final 'negotiableProtocols' 'Ljava/util/List;' @132 
 - private 'handler' 'Lorg/apache/tomcat/util/net/AbstractEndpoint$Handler;' @136 
 - protected 'attributes' 'Ljava/util/HashMap;' @140 
 - private 'sniParseLimit' 'I' @144 
 - private 'sslImplementationName' 'Ljava/lang/String;' @148 
 - private 'sslImplementation' 'Lorg/apache/tomcat/util/net/SSLImplementation;' @152 
 - private 'useInheritedChannel' 'Z' @69 
 - private 'pollerThreadPriority' 'I' @156 
 - private 'previousAcceptedSocketNanoTime' 'J' @160 
 - private 'selectorTimeout' 'J' @168 
 - private volatile 'serverSock' 'Ljava/nio/channels/ServerSocketChannel;' @176 
 - private volatile 'stopLatch' 'Ljava/util/concurrent/CountDownLatch;' @180 
 - private 'eventCache' 'Lorg/apache/tomcat/util/collections/SynchronizedStack;' @184 
 - private 'nioChannels' 'Lorg/apache/tomcat/util/collections/SynchronizedStack;' @188 
 - private 'previousAcceptedSocketRemoteAddress' 'Ljava/net/SocketAddress;' @192 
 - private 'unixDomainSocketPath' 'Ljava/lang/String;' @196 
 - private 'unixDomainSocketPathPermissions' 'Ljava/lang/String;' @200 
 - private 'poller' 'Lorg/apache/tomcat/util/net/NioEndpoint$Poller;' @204 
 - non-static oop maps: 72-140 148-152 176-204 
RBX=0x0000000400000034 is an unknown value
RCX=0x00000000a1b082c0 is an oop: org.apache.tomcat.util.net.NioEndpoint 
{0x00000000a1b082c0} - klass: 'org/apache/tomcat/util/net/NioEndpoint'
 - ---- fields (total size 26 words):
 - protected 'acceptorThreadPriority' 'I' @12  5
 - private 'executorTerminationTimeoutMillis' 'J' @16  5000 (1388 0)
 - private 'maxConnections' 'I' @24  8192 (2000)
 - private 'port' 'I' @28  8080 (1f90)
 - private 'portOffset' 'I' @32  0
 - private 'acceptCount' 'I' @36  100 (64)
 - private 'minSpareThreads' 'I' @40  10 (a)
 - private 'maxThreads' 'I' @44  200 (c8)
 - private 'threadsMaxIdleTime' 'I' @48  60000 (ea60)
 - protected 'threadPriority' 'I' @52  5
 - private 'maxKeepAliveRequests' 'I' @56  100 (64)
 - protected volatile 'running' 'Z' @60  true
 - protected volatile 'paused' 'Z' @61  false
 - protected volatile 'internalExecutor' 'Z' @62  true
 - private 'useSendfile' 'Z' @63  true
 - private 'useVirtualThreads' 'Z' @64  false
 - private 'bindOnInit' 'Z' @65  false
 - private 'SSLEnabled' 'Z' @66  false
 - private 'daemon' 'Z' @67  true
 - private 'useAsyncIO' 'Z' @68  true
 - private volatile 'connectionLimitLatch' 'Lorg/apache/tomcat/util/threads/LimitLatch;' @72  a 'org/apache/tomcat/util/threads/LimitLatch'{0x00000000a1b08390} (a1b08390)
 - protected final 'socketProperties' 'Lorg/apache/tomcat/util/net/SocketProperties;' @76  a 'org/apache/tomcat/util/net/SocketProperties'{0x00000000a1b083e8} (a1b083e8)
 - protected 'acceptor' 'Lorg/apache/tomcat/util/net/Acceptor;' @80  a 'org/apache/tomcat/util/net/Acceptor'{0x00000000a35400d8} (a35400d8)
 - protected 'processorCache' 'Lorg/apache/tomcat/util/collections/SynchronizedStack;' @84  NULL (0)
 - private 'oname' 'Ljavax/management/ObjectName;' @88  a 'javax/management/ObjectName'{0x00000000a1b08540} (a1b08540)
 - protected 'connections' 'Ljava/util/Map;' @92  a 'java/util/concurrent/ConcurrentHashMap'{0x00000000a1b08618} (a1b08618)
 - private 'defaultSSLHostConfigName' 'Ljava/lang/String;' @96  "_default_"{0x00000000a1af1878} (a1af1878)
 - protected 'sslHostConfigs' 'Ljava/util/concurrent/ConcurrentMap;' @100  a 'java/util/concurrent/ConcurrentHashMap'{0x00000000a1b08658} (a1b08658)
 - private 'executor' 'Ljava/util/concurrent/Executor;' @104  a 'org/apache/tomcat/util/threads/ThreadPoolExecutor'{0x00000000a350a628} (a350a628)
 - private 'utilityExecutor' 'Ljava/util/concurrent/ScheduledExecutorService;' @108  a 'org/apache/tomcat/util/threads/ScheduledThreadPoolExecutor'{0x00000000a1b0a630} (a1b0a630)
 - private 'address' 'Ljava/net/InetAddress;' @112  NULL (0)
 - private volatile 'bindState' 'Lorg/apache/tomcat/util/net/AbstractEndpoint$BindState;' @116  a 'org/apache/tomcat/util/net/AbstractEndpoint$BindState'{0x00000000a1be3890} (a1be3890)
 - private 'keepAliveTimeout' 'Ljava/lang/Integer;' @120  NULL (0)
 - private 'name' 'Ljava/lang/String;' @124  "http-nio-8080"{0x00000000a1b086f0} (a1b086f0)
 - private 'domain' 'Ljava/lang/String;' @128  "Tomcat"{0x00000000a1b07a50} (a1b07a50)
 - protected final 'negotiableProtocols' 'Ljava/util/List;' @132  a 'java/util/ArrayList'{0x00000000a1b08728} (a1b08728)
 - private 'handler' 'Lorg/apache/tomcat/util/net/AbstractEndpoint$Handler;' @136  a 'org/apache/coyote/AbstractProtocol$ConnectionHandler'{0x00000000a1b08740} (a1b08740)
 - protected 'attributes' 'Ljava/util/HashMap;' @140  a 'java/util/HashMap'{0x00000000a1b08a28} (a1b08a28)
 - private 'sniParseLimit' 'I' @144  65536 (10000)
 - private 'sslImplementationName' 'Ljava/lang/String;' @148  NULL (0)
 - private 'sslImplementation' 'Lorg/apache/tomcat/util/net/SSLImplementation;' @152  NULL (0)
 - private 'useInheritedChannel' 'Z' @69  false
 - private 'pollerThreadPriority' 'I' @156  5
 - private 'previousAcceptedSocketNanoTime' 'J' @160  0 (0 0)
 - private 'selectorTimeout' 'J' @168  1000 (3e8 0)
 - private volatile 'serverSock' 'Ljava/nio/channels/ServerSocketChannel;' @176  a 'sun/nio/ch/ServerSocketChannelImpl'{0x00000000a36e6b10} (a36e6b10)
 - private volatile 'stopLatch' 'Ljava/util/concurrent/CountDownLatch;' @180  a 'java/util/concurrent/CountDownLatch'{0x00000000a36ea000} (a36ea000)
 - private 'eventCache' 'Lorg/apache/tomcat/util/collections/SynchronizedStack;' @184  NULL (0)
 - private 'nioChannels' 'Lorg/apache/tomcat/util/collections/SynchronizedStack;' @188  NULL (0)
 - private 'previousAcceptedSocketRemoteAddress' 'Ljava/net/SocketAddress;' @192  NULL (0)
 - private 'unixDomainSocketPath' 'Ljava/lang/String;' @196  NULL (0)
 - private 'unixDomainSocketPathPermissions' 'Ljava/lang/String;' @200  NULL (0)
 - private 'poller' 'Lorg/apache/tomcat/util/net/NioEndpoint$Poller;' @204  a 'org/apache/tomcat/util/net/NioEndpoint$Poller'{0x00000000a352e648} (a352e648)
RDX=0x0000000080000001 is an unknown value
RSP=0x00000024ea7fef30 is pointing into the stack for thread: 0x00000153da5d3d30
RBP=0x00000024ea7fef88 is pointing into the stack for thread: 0x00000153da5d3d30
RSI=0x000000000000002b is an unknown value
RDI=0x0000000000000018 is an unknown value
R8 =0x0000000000000004 is an unknown value
R9 =0x00000000000000de is an unknown value
R10=0x00007ffc576660e0 jvm.dll
R11={method} {0x00000153d7fd4950} 'startAsyncTimeout' '()V' in 'org/apache/coyote/AbstractProtocol'
R12=0x0 is NULL
R13=0x00000153d7fd2194 is pointing into metadata
R14=0x00000024ea7fef98 is pointing into the stack for thread: 0x00000153da5d3d30
R15=0x00000153da5d3d30 is a thread


Top of Stack: (sp=0x00000024ea7fef30)
0x00000024ea7fef30:   00000153cc22952f 00000000a1b082c0
0x00000024ea7fef40:   00000024ea7fef40 00000153d7fd2194
0x00000024ea7fef50:   00000024ea7fef98 00000153d8028000
0x00000024ea7fef60:   0000000000000000 00000000a1b33c18
0x00000024ea7fef70:   00000153d7fd21b0 0000000000000000
0x00000024ea7fef80:   00000024ea7fef98 00000024ea7feff0
0x00000024ea7fef90:   00000153cc22952f 00000000a1b08228
0x00000024ea7fefa0:   00000000a1b08228 00000024ea7fefa8
0x00000024ea7fefb0:   00000153d7fd48f1 00000024ea7ff008
0x00000024ea7fefc0:   00000153d8028000 0000000000000000
0x00000024ea7fefd0:   00000000a1b33c18 00000153d7fd4948
0x00000024ea7fefe0:   00000024ea7fef98 00000024ea7ff008
0x00000024ea7feff0:   00000024ea7ff058 00000153cc2293d6
0x00000024ea7ff000:   0000000000000000 00000000a1b08228
0x00000024ea7ff010:   00000024ea7ff010 00000153d7fd5421
0x00000024ea7ff020:   00000024ea7ff068 00000153d8028000
0x00000024ea7ff030:   0000000000000000 00000000a1b33c18
0x00000024ea7ff040:   00000153d7fd5440 00000024ea7ff008
0x00000024ea7ff050:   00000024ea7ff068 00000024ea7ff0b8
0x00000024ea7ff060:   00000153cc2293d6 00000000a1b08228
0x00000024ea7ff070:   00000024ea7ff070 00000153d9ee405c
0x00000024ea7ff080:   00000024ea7ff0c8 00000153d9ee40f0
0x00000024ea7ff090:   0000000000000000 00000000a3546578
0x00000024ea7ff0a0:   00000153d9ee4060 00000024ea7ff068
0x00000024ea7ff0b0:   00000024ea7ff0c8 00000024ea7ff118
0x00000024ea7ff0c0:   00000153cc229712 00000000a3546928
0x00000024ea7ff0d0:   00000024ea7ff0d0 00000153d6bbc824
0x00000024ea7ff0e0:   00000024ea7ff128 00000153d6bbc978
0x00000024ea7ff0f0:   0000000000000000 00000000a0f4ea80
0x00000024ea7ff100:   00000153d6bbc848 00000024ea7ff0c8
0x00000024ea7ff110:   00000024ea7ff128 00000024ea7ff178
0x00000024ea7ff120:   00000153cc22986b 00000000a3546980 

Instructions: (pc=0x00000153cc238e5f)
0x00000153cc238d5f:   00 00 00 48 8b d3 48 8d 44 24 08 4c 89 6d c0 49
0x00000153cc238d6f:   8b cf c5 f8 77 49 89 af a8 02 00 00 49 89 87 98
0x00000153cc238d7f:   02 00 00 48 83 ec 20 f7 c4 0f 00 00 00 0f 84 1a
0x00000153cc238d8f:   00 00 00 48 83 ec 08 49 ba 80 5b e4 56 fc 7f 00
0x00000153cc238d9f:   00 41 ff d2 48 83 c4 08 e9 0d 00 00 00 49 ba 80
0x00000153cc238daf:   5b e4 56 fc 7f 00 00 41 ff d2 48 83 c4 20 49 c7
0x00000153cc238dbf:   87 98 02 00 00 00 00 00 00 49 c7 87 a8 02 00 00
0x00000153cc238dcf:   00 00 00 00 49 c7 87 a0 02 00 00 00 00 00 00 c5
0x00000153cc238ddf:   f8 77 49 81 7f 08 00 00 00 00 0f 84 05 00 00 00
0x00000153cc238def:   e9 0c 81 fe ff 4c 8b 6d c0 4c 8b 75 c8 c3 41 0f
0x00000153cc238dff:   b7 55 01 48 8b 4d d0 c1 e2 02 48 8b 5c d1 30 8b
0x00000153cc238e0f:   54 d1 38 8b ca 81 e1 ff 00 00 00 48 8b 4c cc f8
0x00000153cc238e1f:   44 8b ea c1 ea 1c 49 ba e0 60 66 57 fc 7f 00 00
0x00000153cc238e2f:   49 8b 14 d2 52 41 8b d5 4c 8b 6d c0 8b c2 81 e0
0x00000153cc238e3f:   00 00 10 00 0f 84 0f 00 00 00 48 3b 01 4c 8d 6c
0x00000153cc238e4f:   24 08 4c 89 6d f0 ff 63 50 8b 41 08 48 c1 e0 03
0x00000153cc238e5f:   48 8b 9c d8 c8 01 00 00 4c 8d 6c 24 08 4c 89 6d
0x00000153cc238e6f:   f0 ff 63 50 0f 1f 44 00 00 00 00 00 00 00 00 00
0x00000153cc238e7f:   00 80 e0 3d 57 fc 7f 00 00 60 01 00 00 b7 00 00
0x00000153cc238e8f:   00 00 00 00 00 00 00 00 00 00 00 00 00 00 00 00
0x00000153cc238e9f:   00 48 83 ec 08 c5 fa 11 04 24 eb 1f 48 83 ec 10
0x00000153cc238eaf:   c5 fb 11 04 24 eb 14 48 83 ec 10 48 89 04 24 48
0x00000153cc238ebf:   c7 44 24 08 00 00 00 00 eb 01 50 4c 89 6d c0 41
0x00000153cc238ecf:   0f b7 55 01 48 8b 4d d0 c1 e2 02 8b 5c d1 20 c1
0x00000153cc238edf:   eb 10 81 e3 ff 00 00 00 81 fb b7 00 00 00 0f 84
0x00000153cc238eef:   b6 00 00 00 bb b7 00 00 00 e8 05 00 00 00 e9 9b
0x00000153cc238eff:   00 00 00 48 8b d3 48 8d 44 24 08 4c 89 6d c0 49
0x00000153cc238f0f:   8b cf c5 f8 77 49 89 af a8 02 00 00 49 89 87 98
0x00000153cc238f1f:   02 00 00 48 83 ec 20 f7 c4 0f 00 00 00 0f 84 1a
0x00000153cc238f2f:   00 00 00 48 83 ec 08 49 ba 80 5b e4 56 fc 7f 00
0x00000153cc238f3f:   00 41 ff d2 48 83 c4 08 e9 0d 00 00 00 49 ba 80
0x00000153cc238f4f:   5b e4 56 fc 7f 00 00 41 ff d2 48 83 c4 20 49 c7 


Stack slot to memory mapping:
stack at sp + 0 slots: 0x00000153cc22952f is at code_begin+1167 in an Interpreter codelet
return entry points  [0x00000153cc2290a0, 0x00000153cc2298c0]  2080 bytes
stack at sp + 1 slots: 0x00000000a1b082c0 is an oop: org.apache.tomcat.util.net.NioEndpoint 
{0x00000000a1b082c0} - klass: 'org/apache/tomcat/util/net/NioEndpoint'
 - ---- fields (total size 26 words):
 - protected 'acceptorThreadPriority' 'I' @12  5
 - private 'executorTerminationTimeoutMillis' 'J' @16  5000 (1388 0)
 - private 'maxConnections' 'I' @24  8192 (2000)
 - private 'port' 'I' @28  8080 (1f90)
 - private 'portOffset' 'I' @32  0
 - private 'acceptCount' 'I' @36  100 (64)
 - private 'minSpareThreads' 'I' @40  10 (a)
 - private 'maxThreads' 'I' @44  200 (c8)
 - private 'threadsMaxIdleTime' 'I' @48  60000 (ea60)
 - protected 'threadPriority' 'I' @52  5
 - private 'maxKeepAliveRequests' 'I' @56  100 (64)
 - protected volatile 'running' 'Z' @60  true
 - protected volatile 'paused' 'Z' @61  false
 - protected volatile 'internalExecutor' 'Z' @62  true
 - private 'useSendfile' 'Z' @63  true
 - private 'useVirtualThreads' 'Z' @64  false
 - private 'bindOnInit' 'Z' @65  false
 - private 'SSLEnabled' 'Z' @66  false
 - private 'daemon' 'Z' @67  true
 - private 'useAsyncIO' 'Z' @68  true
 - private volatile 'connectionLimitLatch' 'Lorg/apache/tomcat/util/threads/LimitLatch;' @72  a 'org/apache/tomcat/util/threads/LimitLatch'{0x00000000a1b08390} (a1b08390)
 - protected final 'socketProperties' 'Lorg/apache/tomcat/util/net/SocketProperties;' @76  a 'org/apache/tomcat/util/net/SocketProperties'{0x00000000a1b083e8} (a1b083e8)
 - protected 'acceptor' 'Lorg/apache/tomcat/util/net/Acceptor;' @80  a 'org/apache/tomcat/util/net/Acceptor'{0x00000000a35400d8} (a35400d8)
 - protected 'processorCache' 'Lorg/apache/tomcat/util/collections/SynchronizedStack;' @84  NULL (0)
 - private 'oname' 'Ljavax/management/ObjectName;' @88  a 'javax/management/ObjectName'{0x00000000a1b08540} (a1b08540)
 - protected 'connections' 'Ljava/util/Map;' @92  a 'java/util/concurrent/ConcurrentHashMap'{0x00000000a1b08618} (a1b08618)
 - private 'defaultSSLHostConfigName' 'Ljava/lang/String;' @96  "_default_"{0x00000000a1af1878} (a1af1878)
 - protected 'sslHostConfigs' 'Ljava/util/concurrent/ConcurrentMap;' @100  a 'java/util/concurrent/ConcurrentHashMap'{0x00000000a1b08658} (a1b08658)
 - private 'executor' 'Ljava/util/concurrent/Executor;' @104  a 'org/apache/tomcat/util/threads/ThreadPoolExecutor'{0x00000000a350a628} (a350a628)
 - private 'utilityExecutor' 'Ljava/util/concurrent/ScheduledExecutorService;' @108  a 'org/apache/tomcat/util/threads/ScheduledThreadPoolExecutor'{0x00000000a1b0a630} (a1b0a630)
 - private 'address' 'Ljava/net/InetAddress;' @112  NULL (0)
 - private volatile 'bindState' 'Lorg/apache/tomcat/util/net/AbstractEndpoint$BindState;' @116  a 'org/apache/tomcat/util/net/AbstractEndpoint$BindState'{0x00000000a1be3890} (a1be3890)
 - private 'keepAliveTimeout' 'Ljava/lang/Integer;' @120  NULL (0)
 - private 'name' 'Ljava/lang/String;' @124  "http-nio-8080"{0x00000000a1b086f0} (a1b086f0)
 - private 'domain' 'Ljava/lang/String;' @128  "Tomcat"{0x00000000a1b07a50} (a1b07a50)
 - protected final 'negotiableProtocols' 'Ljava/util/List;' @132  a 'java/util/ArrayList'{0x00000000a1b08728} (a1b08728)
 - private 'handler' 'Lorg/apache/tomcat/util/net/AbstractEndpoint$Handler;' @136  a 'org/apache/coyote/AbstractProtocol$ConnectionHandler'{0x00000000a1b08740} (a1b08740)
 - protected 'attributes' 'Ljava/util/HashMap;' @140  a 'java/util/HashMap'{0x00000000a1b08a28} (a1b08a28)
 - private 'sniParseLimit' 'I' @144  65536 (10000)
 - private 'sslImplementationName' 'Ljava/lang/String;' @148  NULL (0)
 - private 'sslImplementation' 'Lorg/apache/tomcat/util/net/SSLImplementation;' @152  NULL (0)
 - private 'useInheritedChannel' 'Z' @69  false
 - private 'pollerThreadPriority' 'I' @156  5
 - private 'previousAcceptedSocketNanoTime' 'J' @160  0 (0 0)
 - private 'selectorTimeout' 'J' @168  1000 (3e8 0)
 - private volatile 'serverSock' 'Ljava/nio/channels/ServerSocketChannel;' @176  a 'sun/nio/ch/ServerSocketChannelImpl'{0x00000000a36e6b10} (a36e6b10)
 - private volatile 'stopLatch' 'Ljava/util/concurrent/CountDownLatch;' @180  a 'java/util/concurrent/CountDownLatch'{0x00000000a36ea000} (a36ea000)
 - private 'eventCache' 'Lorg/apache/tomcat/util/collections/SynchronizedStack;' @184  NULL (0)
 - private 'nioChannels' 'Lorg/apache/tomcat/util/collections/SynchronizedStack;' @188  NULL (0)
 - private 'previousAcceptedSocketRemoteAddress' 'Ljava/net/SocketAddress;' @192  NULL (0)
 - private 'unixDomainSocketPath' 'Ljava/lang/String;' @196  NULL (0)
 - private 'unixDomainSocketPathPermissions' 'Ljava/lang/String;' @200  NULL (0)
 - private 'poller' 'Lorg/apache/tomcat/util/net/NioEndpoint$Poller;' @204  a 'org/apache/tomcat/util/net/NioEndpoint$Poller'{0x00000000a352e648} (a352e648)
stack at sp + 2 slots: 0x00000024ea7fef40 is pointing into the stack for thread: 0x00000153da5d3d30
stack at sp + 3 slots: 0x00000153d7fd2194 is pointing into metadata
stack at sp + 4 slots: 0x00000024ea7fef98 is pointing into the stack for thread: 0x00000153da5d3d30
stack at sp + 5 slots: 0x00000153d8028000 is pointing into metadata
stack at sp + 6 slots: 0x0 is NULL
stack at sp + 7 slots: 0x00000000a1b33c18 is an oop: java.lang.Class 
{0x00000000a1b33c18} - klass: 'java/lang/Class'
 - ---- fields (total size 15 words):
 - private volatile transient 'classRedefinedCount' 'I' @12  0
 - private volatile transient 'cachedConstructor' 'Ljava/lang/reflect/Constructor;' @40  NULL (0)
 - private transient 'name' 'Ljava/lang/String;' @44  "org.apache.coyote.AbstractProtocol"{0x00000000a1b36778} (a1b36778)
 - private transient 'module' 'Ljava/lang/Module;' @48  a 'java/lang/Module'{0x00000000a10b73b8} (a10b73b8)
 - private final 'classLoader' 'Ljava/lang/ClassLoader;' @52  a 'jdk/internal/loader/ClassLoaders$AppClassLoader'{0x00000000a10b6fc8} (a10b6fc8)
 - private transient 'classData' 'Ljava/lang/Object;' @56  NULL (0)
 - private transient 'packageName' 'Ljava/lang/String;' @60  "org.apache.coyote"{0x00000000a1afee00} (a1afee00)
 - private final 'componentType' 'Ljava/lang/Class;' @64  NULL (0)
 - private volatile transient 'reflectionData' 'Ljava/lang/ref/SoftReference;' @68  a 'java/lang/ref/SoftReference'{0x00000000a1b367c8} (a1b367c8)
 - private volatile transient 'genericInfo' 'Lsun/reflect/generics/repository/ClassRepository;' @72  NULL (0)
 - private volatile transient 'enumConstants' '[Ljava/lang/Object;' @76  NULL (0)
 - private volatile transient 'enumConstantDirectory' 'Ljava/util/Map;' @80  NULL (0)
 - private volatile transient 'annotationData' 'Ljava/lang/Class$AnnotationData;' @84  NULL (0)
 - private volatile transient 'annotationType' 'Lsun/reflect/annotation/AnnotationType;' @88  NULL (0)
 - transient 'classValueMap' 'Ljava/lang/ClassValue$ClassValueMap;' @92  NULL (0)
 - signature: Lorg/apache/coyote/AbstractProtocol;
 - fake entry for mirror: 'org/apache/coyote/AbstractProtocol'
 - fake entry for array: NULL
 - fake entry for oop_size: 15
 - fake entry for static_oop_field_count: 2
 - private static final 'sm' 'Lorg/apache/tomcat/util/res/StringManager;' @112  a 'org/apache/tomcat/util/res/StringManager'{0x00000000a1b33ca0} (a1b33ca0)
 - private static final 'nameCounter' 'Ljava/util/concurrent/atomic/AtomicInteger;' @116  a 'java/util/concurrent/atomic/AtomicInteger'{0x00000000a1b33c90} (a1b33c90)

invokevirtual  182 invokevirtual  [0x00000153cc238d00, 0x00000153cc238e80]  384 bytes
[MachCode]
  0x00000153cc238d00: 4883 ec08 | c5fa 1104 | 24eb 1f48 | 83ec 10c5 | fb11 0424 | eb14 4883 | ec10 4889 | 0424 48c7 
  0x00000153cc238d20: 4424 0800 | 0000 00eb | 0150 4c89 | 6dc0 410f | b755 0148 | 8b4d d0c1 | e202 8b5c | d120 c1eb 
  0x00000153cc238d40: 1881 e3ff | 0000 0081 | fbb6 0000 | 000f 84b6 | 0000 00bb | b600 0000 | e805 0000 | 00e9 9b00 
  0x00000153cc238d60: 0000 488b | d348 8d44 | 2408 4c89 | 6dc0 498b | cfc5 f877 | 4989 afa8 | 0200 0049 | 8987 9802 
  0x00000153cc238d80: 0000 4883 | ec20 f7c4 | 0f00 0000 | 0f84 1a00 | 0000 4883 | ec08 49ba | 805b e456 | fc7f 0000 
  0x00000153cc238da0: 41ff d248 | 83c4 08e9 | 0d00 0000 | 49ba 805b | e456 fc7f | 0000 41ff | d248 83c4 | 2049 c787 
  0x00000153cc238dc0: 9802 0000 | 0000 0000 | 49c7 87a8 | 0200 0000 | 0000 0049 | c787 a002 | 0000 0000 | 0000 c5f8 
  0x00000153cc238de0: 7749 817f | 0800 0000 | 000f 8405 | 0000 00e9 | 0c81 feff | 4c8b 6dc0 | 4c8b 75c8 | c341 0fb7 
  0x00000153cc238e00: 5501 488b | 4dd0 c1e2 | 0248 8b5c | d130 8b54 | d138 8bca | 81e1 ff00 | 0000 488b | 4ccc f844 
  0x00000153cc238e20: 8bea c1ea | 1c49 bae0 | 6066 57fc | 7f00 0049 | 8b14 d252 | 418b d54c | 8b6d c08b | c281 e000 
  0x00000153cc238e40: 0010 000f | 840f 0000 | 0048 3b01 | 4c8d 6c24 | 084c 896d | f0ff 6350 | 8b41 0848 | c1e0 0348 
  0x00000153cc238e60: 8b9c d8c8 | 0100 004c | 8d6c 2408 | 4c89 6df0 | ff63 500f | 1f44 0000 | 0000 0000 | 0000 0000 
[/MachCode]

---------------  P R O C E S S  ---------------

Threads class SMR info:
_java_thread_list=0x00000153dc39ad20, length=41, elements={
0x00000153d55f7ca0, 0x00000153d55f9cc0, 0x00000153d5642ed0, 0x00000153d5644db0,
0x00000153d5645680, 0x00000153d578c010, 0x00000153d578d6d0, 0x00000153d578dfe0,
0x00000153d559bc90, 0x00000153d58615a0, 0x00000153d595bb90, 0x00000153da32b300,
0x00000153da3340c0, 0x00000153da4d3fc0, 0x00000153da53cb80, 0x00000153da5768f0,
0x00000153da535ff0, 0x00000153da5d2e00, 0x00000153da5f6870, 0x00000153dad3d310,
0x00000153da5d4c60, 0x00000153da5d3d30, 0x00000153da5d4240, 0x00000153da5d28f0,
0x00000153da5d4750, 0x00000153da5d5b90, 0x00000153dc289b10, 0x00000153dc287290,
0x00000153dc287cb0, 0x00000153dc28cdb0, 0x00000153dc28a530, 0x00000153dc28d2c0,
0x00000153dc289600, 0x00000153dc28aa40, 0x00000153dc285e50, 0x00000153dc28a020,
0x00000153dc2877a0, 0x00000153dc286360, 0x00000153dc28d7d0, 0x00000153dc28af50,
0x00000153dc2881c0
}

Java Threads: ( => current thread )
  0x00000153d55f7ca0 JavaThread "Reference Handler" daemon [_thread_blocked, id=13224, stack(0x00000024e8500000,0x00000024e8600000)]
  0x00000153d55f9cc0 JavaThread "Finalizer" daemon [_thread_blocked, id=16628, stack(0x00000024e8600000,0x00000024e8700000)]
  0x00000153d5642ed0 JavaThread "Signal Dispatcher" daemon [_thread_blocked, id=13668, stack(0x00000024e8700000,0x00000024e8800000)]
  0x00000153d5644db0 JavaThread "Attach Listener" daemon [_thread_blocked, id=13624, stack(0x00000024e8800000,0x00000024e8900000)]
  0x00000153d5645680 JavaThread "Service Thread" daemon [_thread_blocked, id=1112, stack(0x00000024e8900000,0x00000024e8a00000)]
  0x00000153d578c010 JavaThread "Monitor Deflation Thread" daemon [_thread_blocked, id=13336, stack(0x00000024e8a00000,0x00000024e8b00000)]
  0x00000153d578d6d0 JavaThread "C1 CompilerThread0" daemon [_thread_blocked, id=17280, stack(0x00000024e8b00000,0x00000024e8c00000)]
  0x00000153d578dfe0 JavaThread "Sweeper thread" daemon [_thread_blocked, id=15736, stack(0x00000024e8c00000,0x00000024e8d00000)]
  0x00000153d559bc90 JavaThread "Common-Cleaner" daemon [_thread_blocked, id=13692, stack(0x00000024e8d00000,0x00000024e8e00000)]
  0x00000153d58615a0 JavaThread "C1 CompilerThread1" daemon [_thread_blocked, id=15804, stack(0x00000024e8e00000,0x00000024e8f00000)]
  0x00000153d595bb90 JavaThread "Notification Thread" daemon [_thread_blocked, id=15944, stack(0x00000024e8f00000,0x00000024e9000000)]
  0x00000153da32b300 JavaThread "RMI TCP Accept-0" daemon [_thread_in_native, id=17016, stack(0x00000024e9000000,0x00000024e9100000)]
  0x00000153da3340c0 JavaThread "RMI TCP Accept-52638" daemon [_thread_in_native, id=16164, stack(0x00000024e9100000,0x00000024e9200000)]
  0x00000153da4d3fc0 JavaThread "RMI TCP Accept-0" daemon [_thread_in_native, id=15744, stack(0x00000024e9200000,0x00000024e9300000)]
  0x00000153da53cb80 JavaThread "RMI TCP Connection(1)-127.0.0.1" daemon [_thread_in_native, id=8128, stack(0x00000024e9400000,0x00000024e9500000)]
  0x00000153da5768f0 JavaThread "RMI Scheduler(0)" daemon [_thread_blocked, id=9764, stack(0x00000024e9500000,0x00000024e9600000)]
  0x00000153da535ff0 JavaThread "RMI TCP Connection(2)-127.0.0.1" daemon [_thread_in_native, id=9908, stack(0x00000024e9600000,0x00000024e9700000)]
  0x00000153da5d2e00 JavaThread "JMX server connection timeout 22" daemon [_thread_blocked, id=10384, stack(0x00000024e9700000,0x00000024e9800000)]
  0x00000153da5f6870 JavaThread "C1 CompilerThread2" daemon [_thread_blocked, id=16444, stack(0x00000024e9800000,0x00000024e9900000)]
  0x00000153dad3d310 JavaThread "C1 CompilerThread3" daemon [_thread_blocked, id=6164, stack(0x00000024ea600000,0x00000024ea700000)]
  0x00000153da5d4c60 JavaThread "Catalina-utility-1" [_thread_blocked, id=16096, stack(0x00000024ea400000,0x00000024ea500000)]
=>0x00000153da5d3d30 JavaThread "Catalina-utility-2" [_thread_in_Java, id=14212, stack(0x00000024ea700000,0x00000024ea800000)]
  0x00000153da5d4240 JavaThread "container-0" [_thread_blocked, id=13384, stack(0x00000024ea800000,0x00000024ea900000)]
  0x00000153da5d28f0 JavaThread "mysql-cj-abandoned-connection-cleanup" daemon [_thread_blocked, id=13820, stack(0x00000024ea900000,0x00000024eaa00000)]
  0x00000153da5d4750 JavaThread "HikariPool-1 housekeeper" daemon [_thread_blocked, id=5260, stack(0x00000024eab00000,0x00000024eac00000)]
  0x00000153da5d5b90 JavaThread "HikariPool-1 connection adder" daemon [_thread_blocked, id=1740, stack(0x00000024eac00000,0x00000024ead00000)]
  0x00000153dc289b10 JavaThread "File Watcher" daemon [_thread_blocked, id=16136, stack(0x00000024ead00000,0x00000024eae00000)]
  0x00000153dc287290 JavaThread "Live Reload Server" daemon [_thread_in_native, id=8716, stack(0x00000024eaf00000,0x00000024eb000000)]
  0x00000153dc287cb0 JavaThread "http-nio-8080-exec-1" daemon [_thread_blocked, id=9708, stack(0x00000024eae00000,0x00000024eaf00000)]
  0x00000153dc28cdb0 JavaThread "http-nio-8080-exec-2" daemon [_thread_blocked, id=5900, stack(0x00000024eb000000,0x00000024eb100000)]
  0x00000153dc28a530 JavaThread "http-nio-8080-exec-3" daemon [_thread_blocked, id=3768, stack(0x00000024eb100000,0x00000024eb200000)]
  0x00000153dc28d2c0 JavaThread "http-nio-8080-exec-4" daemon [_thread_blocked, id=5248, stack(0x00000024eb200000,0x00000024eb300000)]
  0x00000153dc289600 JavaThread "http-nio-8080-exec-5" daemon [_thread_blocked, id=15956, stack(0x00000024eb300000,0x00000024eb400000)]
  0x00000153dc28aa40 JavaThread "http-nio-8080-exec-6" daemon [_thread_blocked, id=12704, stack(0x00000024eb400000,0x00000024eb500000)]
  0x00000153dc285e50 JavaThread "http-nio-8080-exec-7" daemon [_thread_blocked, id=16036, stack(0x00000024eb500000,0x00000024eb600000)]
  0x00000153dc28a020 JavaThread "http-nio-8080-exec-8" daemon [_thread_blocked, id=8364, stack(0x00000024eb600000,0x00000024eb700000)]
  0x00000153dc2877a0 JavaThread "http-nio-8080-exec-9" daemon [_thread_blocked, id=17008, stack(0x00000024eb700000,0x00000024eb800000)]
  0x00000153dc286360 JavaThread "http-nio-8080-exec-10" daemon [_thread_blocked, id=16592, stack(0x00000024eb800000,0x00000024eb900000)]
  0x00000153dc28d7d0 JavaThread "http-nio-8080-Poller" daemon [_thread_in_native, id=7964, stack(0x00000024eb900000,0x00000024eba00000)]
  0x00000153dc28af50 JavaThread "http-nio-8080-Acceptor" daemon [_thread_in_native, id=16288, stack(0x00000024eba00000,0x00000024ebb00000)]
  0x00000153dc2881c0 JavaThread "DestroyJavaVM" [_thread_blocked, id=14484, stack(0x00000024e7e00000,0x00000024e7f00000)]

Other Threads:
  0x00000153d5621770 VMThread "VM Thread" [stack: 0x00000024e8400000,0x00000024e8500000] [id=14236]
  0x00000153da50e060 WatcherThread [stack: 0x00000024e9300000,0x00000024e9400000] [id=9540]
  0x00000153c8b951f0 GCTaskThread "GC Thread#0" [stack: 0x00000024e7f00000,0x00000024e8000000] [id=16936]
  0x00000153daa4c4e0 GCTaskThread "GC Thread#1" [stack: 0x00000024e9900000,0x00000024e9a00000] [id=15276]
  0x00000153daab1970 GCTaskThread "GC Thread#2" [stack: 0x00000024e9a00000,0x00000024e9b00000] [id=16932]
  0x00000153daab1c30 GCTaskThread "GC Thread#3" [stack: 0x00000024e9b00000,0x00000024e9c00000] [id=17204]
  0x00000153daaba310 GCTaskThread "GC Thread#4" [stack: 0x00000024e9c00000,0x00000024e9d00000] [id=6348]
  0x00000153daabb600 GCTaskThread "GC Thread#5" [stack: 0x00000024e9d00000,0x00000024e9e00000] [id=16624]
  0x00000153daabb8c0 GCTaskThread "GC Thread#6" [stack: 0x00000024e9e00000,0x00000024e9f00000] [id=3324]
  0x00000153daabbb80 GCTaskThread "GC Thread#7" [stack: 0x00000024e9f00000,0x00000024ea000000] [id=13808]
  0x00000153c8ba2670 ConcurrentGCThread "G1 Main Marker" [stack: 0x00000024e8000000,0x00000024e8100000] [id=3620]
  0x00000153c8ba2fa0 ConcurrentGCThread "G1 Conc#0" [stack: 0x00000024e8100000,0x00000024e8200000] [id=212]
  0x00000153dacf1830 ConcurrentGCThread "G1 Conc#1" [stack: 0x00000024ea500000,0x00000024ea600000] [id=2188]
  0x00000153d54704a0 ConcurrentGCThread "G1 Refine#0" [stack: 0x00000024e8200000,0x00000024e8300000] [id=10884]
  0x00000153daa4c7a0 ConcurrentGCThread "G1 Refine#1" [stack: 0x00000024ea000000,0x00000024ea100000] [id=11384]
  0x00000153d597c520 ConcurrentGCThread "G1 Refine#2" [stack: 0x00000024ea100000,0x00000024ea200000] [id=9048]
  0x00000153d5470de0 ConcurrentGCThread "G1 Service" [stack: 0x00000024e8300000,0x00000024e8400000] [id=7924]

Threads with active compile tasks:

VM state: not at safepoint (normal execution)

VM Mutex/Monitor currently owned by a thread: None

Heap address: 0x00000000a0c00000, size: 1524 MB, Compressed Oops mode: 32-bit

CDS archive(s) not mapped
Compressed class space mapped at: 0x0000000100000000-0x0000000140000000, reserved size: 1073741824
Narrow klass base: 0x0000000000000000, Narrow klass shift: 3, Narrow klass range: 0x140000000

GC Precious Log:
 CPUs: 8 total, 8 available
 Memory: 6091M
 Large Page Support: Disabled
 NUMA Support: Disabled
 Compressed Oops: Enabled (32-bit)
 Heap Region Size: 1M
 Heap Min Capacity: 8M
 Heap Initial Capacity: 96M
 Heap Max Capacity: 1524M
 Pre-touch: Disabled
 Parallel Workers: 8
 Concurrent Workers: 2
 Concurrent Refinement Workers: 8
 Periodic GC: Disabled

Heap:
 garbage-first heap   total 53248K, used 39892K [0x00000000a0c00000, 0x0000000100000000)
  region size 1024K, 15 young (15360K), 3 survivors (3072K)
 Metaspace       used 74217K, committed 74752K, reserved 1114112K
  class space    used 10189K, committed 10432K, reserved 1048576K

Heap Regions: E=young(eden), S=young(survivor), O=old, HS=humongous(starts), HC=humongous(continues), CS=collection set, F=free, OA=open archive, CA=closed archive, TAMS=top-at-mark-start (previous, next)
|   0|0x00000000a0c00000, 0x00000000a0d00000, 0x00000000a0d00000|100%|HS|  |TAMS 0x00000000a0d00000, 0x00000000a0c00000| Complete 
|   1|0x00000000a0d00000, 0x00000000a0e00000, 0x00000000a0e00000|100%| O|  |TAMS 0x00000000a0e00000, 0x00000000a0d00000| Untracked 
|   2|0x00000000a0e00000, 0x00000000a0f00000, 0x00000000a0f00000|100%| O|  |TAMS 0x00000000a0f00000, 0x00000000a0e00000| Untracked 
|   3|0x00000000a0f00000, 0x00000000a1000000, 0x00000000a1000000|100%| O|  |TAMS 0x00000000a1000000, 0x00000000a0f00000| Untracked 
|   4|0x00000000a1000000, 0x00000000a1100000, 0x00000000a1100000|100%| O|  |TAMS 0x00000000a1100000, 0x00000000a1000000| Untracked 
|   5|0x00000000a1100000, 0x00000000a1200000, 0x00000000a1200000|100%| O|  |TAMS 0x00000000a1200000, 0x00000000a1100000| Untracked 
|   6|0x00000000a1200000, 0x00000000a1300000, 0x00000000a1300000|100%| O|  |TAMS 0x00000000a1300000, 0x00000000a1200000| Untracked 
|   7|0x00000000a1300000, 0x00000000a1400000, 0x00000000a1400000|100%| O|  |TAMS 0x00000000a1400000, 0x00000000a1300000| Untracked 
|   8|0x00000000a1400000, 0x00000000a1500000, 0x00000000a1500000|100%| O|  |TAMS 0x00000000a1500000, 0x00000000a1400000| Untracked 
|   9|0x00000000a1500000, 0x00000000a1600000, 0x00000000a1600000|100%| O|  |TAMS 0x00000000a1600000, 0x00000000a1500000| Untracked 
|  10|0x00000000a1600000, 0x00000000a1700000, 0x00000000a1700000|100%| O|  |TAMS 0x00000000a1700000, 0x00000000a1600000| Untracked 
|  11|0x00000000a1700000, 0x00000000a1800000, 0x00000000a1800000|100%| O|  |TAMS 0x00000000a1800000, 0x00000000a1700000| Untracked 
|  12|0x00000000a1800000, 0x00000000a1900000, 0x00000000a1900000|100%| O|  |TAMS 0x00000000a1900000, 0x00000000a1800000| Untracked 
|  13|0x00000000a1900000, 0x00000000a1a00000, 0x00000000a1a00000|100%| O|  |TAMS 0x00000000a1a00000, 0x00000000a1900000| Untracked 
|  14|0x00000000a1a00000, 0x00000000a1b00000, 0x00000000a1b00000|100%| O|  |TAMS 0x00000000a1b00000, 0x00000000a1a00000| Untracked 
|  15|0x00000000a1b00000, 0x00000000a1c00000, 0x00000000a1c00000|100%| O|  |TAMS 0x00000000a1c00000, 0x00000000a1b00000| Untracked 
|  16|0x00000000a1c00000, 0x00000000a1d00000, 0x00000000a1d00000|100%| O|  |TAMS 0x00000000a1d00000, 0x00000000a1c00000| Untracked 
|  17|0x00000000a1d00000, 0x00000000a1e00000, 0x00000000a1e00000|100%| O|  |TAMS 0x00000000a1e00000, 0x00000000a1d00000| Untracked 
|  18|0x00000000a1e00000, 0x00000000a1f00000, 0x00000000a1f00000|100%| O|  |TAMS 0x00000000a1f00000, 0x00000000a1e00000| Untracked 
|  19|0x00000000a1f00000, 0x00000000a2000000, 0x00000000a2000000|100%| O|  |TAMS 0x00000000a2000000, 0x00000000a1f00000| Untracked 
|  20|0x00000000a2000000, 0x00000000a2100000, 0x00000000a2100000|100%| O|  |TAMS 0x00000000a2100000, 0x00000000a2000000| Untracked 
|  21|0x00000000a2100000, 0x00000000a2200000, 0x00000000a2200000|100%| O|  |TAMS 0x00000000a2200000, 0x00000000a2100000| Untracked 
|  22|0x00000000a2200000, 0x00000000a2300000, 0x00000000a2300000|100%| O|  |TAMS 0x00000000a2300000, 0x00000000a2200000| Untracked 
|  23|0x00000000a2300000, 0x00000000a2400000, 0x00000000a2400000|100%| O|  |TAMS 0x00000000a238e400, 0x00000000a2300000| Untracked 
|  24|0x00000000a2400000, 0x00000000a24f5000, 0x00000000a2500000| 95%| O|  |TAMS 0x00000000a2400000, 0x00000000a2400000| Untracked 
|  25|0x00000000a2500000, 0x00000000a2500000, 0x00000000a2600000|  0%| F|  |TAMS 0x00000000a2500000, 0x00000000a2500000| Untracked 
|  26|0x00000000a2600000, 0x00000000a2600000, 0x00000000a2700000|  0%| F|  |TAMS 0x00000000a2600000, 0x00000000a2600000| Untracked 
|  27|0x00000000a2700000, 0x00000000a2700000, 0x00000000a2800000|  0%| F|  |TAMS 0x00000000a2700000, 0x00000000a2700000| Untracked 
|  28|0x00000000a2800000, 0x00000000a2800000, 0x00000000a2900000|  0%| F|  |TAMS 0x00000000a2800000, 0x00000000a2800000| Untracked 
|  29|0x00000000a2900000, 0x00000000a2900000, 0x00000000a2a00000|  0%| F|  |TAMS 0x00000000a2900000, 0x00000000a2900000| Untracked 
|  30|0x00000000a2a00000, 0x00000000a2a00000, 0x00000000a2b00000|  0%| F|  |TAMS 0x00000000a2a00000, 0x00000000a2a00000| Untracked 
|  31|0x00000000a2b00000, 0x00000000a2b00000, 0x00000000a2c00000|  0%| F|  |TAMS 0x00000000a2b00000, 0x00000000a2b00000| Untracked 
|  32|0x00000000a2c00000, 0x00000000a2c00000, 0x00000000a2d00000|  0%| F|  |TAMS 0x00000000a2c00000, 0x00000000a2c00000| Untracked 
|  33|0x00000000a2d00000, 0x00000000a2e00000, 0x00000000a2e00000|100%| S|CS|TAMS 0x00000000a2d00000, 0x00000000a2d00000| Complete 
|  34|0x00000000a2e00000, 0x00000000a2e00000, 0x00000000a2f00000|  0%| F|  |TAMS 0x00000000a2e00000, 0x00000000a2e00000| Untracked 
|  35|0x00000000a2f00000, 0x00000000a3000000, 0x00000000a3000000|100%| S|CS|TAMS 0x00000000a2f00000, 0x00000000a2f00000| Complete 
|  36|0x00000000a3000000, 0x00000000a3100000, 0x00000000a3100000|100%| S|CS|TAMS 0x00000000a3000000, 0x00000000a3000000| Complete 
|  37|0x00000000a3100000, 0x00000000a3100000, 0x00000000a3200000|  0%| F|  |TAMS 0x00000000a3100000, 0x00000000a3100000| Untracked 
|  38|0x00000000a3200000, 0x00000000a3200000, 0x00000000a3300000|  0%| F|  |TAMS 0x00000000a3200000, 0x00000000a3200000| Untracked 
|  39|0x00000000a3300000, 0x00000000a3300000, 0x00000000a3400000|  0%| F|  |TAMS 0x00000000a3300000, 0x00000000a3300000| Untracked 
|  40|0x00000000a3400000, 0x00000000a34ce198, 0x00000000a3500000| 80%| E|  |TAMS 0x00000000a3400000, 0x00000000a3400000| Complete 
|  41|0x00000000a3500000, 0x00000000a3600000, 0x00000000a3600000|100%| E|CS|TAMS 0x00000000a3500000, 0x00000000a3500000| Complete 
|  42|0x00000000a3600000, 0x00000000a3700000, 0x00000000a3700000|100%| E|CS|TAMS 0x00000000a3600000, 0x00000000a3600000| Complete 
|  43|0x00000000a3700000, 0x00000000a3800000, 0x00000000a3800000|100%| E|CS|TAMS 0x00000000a3700000, 0x00000000a3700000| Complete 
|  44|0x00000000a3800000, 0x00000000a3900000, 0x00000000a3900000|100%| E|CS|TAMS 0x00000000a3800000, 0x00000000a3800000| Complete 
|  45|0x00000000a3900000, 0x00000000a3a00000, 0x00000000a3a00000|100%| E|CS|TAMS 0x00000000a3900000, 0x00000000a3900000| Complete 
|  46|0x00000000a3a00000, 0x00000000a3b00000, 0x00000000a3b00000|100%| E|CS|TAMS 0x00000000a3a00000, 0x00000000a3a00000| Complete 
|  47|0x00000000a3b00000, 0x00000000a3c00000, 0x00000000a3c00000|100%| E|CS|TAMS 0x00000000a3b00000, 0x00000000a3b00000| Complete 
|  48|0x00000000a3c00000, 0x00000000a3d00000, 0x00000000a3d00000|100%| E|CS|TAMS 0x00000000a3c00000, 0x00000000a3c00000| Complete 
|  87|0x00000000a6300000, 0x00000000a6400000, 0x00000000a6400000|100%| E|CS|TAMS 0x00000000a6300000, 0x00000000a6300000| Complete 
|  88|0x00000000a6400000, 0x00000000a6500000, 0x00000000a6500000|100%| E|CS|TAMS 0x00000000a6400000, 0x00000000a6400000| Complete 
|  95|0x00000000a6b00000, 0x00000000a6c00000, 0x00000000a6c00000|100%| E|CS|TAMS 0x00000000a6b00000, 0x00000000a6b00000| Complete 

Card table byte_map: [0x00000153cf630000,0x00000153cf930000] _byte_map_base: 0x00000153cf12a000

Marking Bits (Prev, Next): (CMBitMap*) 0x00000153c8b95720, (CMBitMap*) 0x00000153c8b95760
 Prev Bits: [0x00000153cfc30000, 0x00000153d1400000)
 Next Bits: [0x00000153d1400000, 0x00000153d2bd0000)

Polling page: 0x00000153c6960000

Metaspace:

Usage:
  Non-class:     62.53 MB used.
      Class:      9.95 MB used.
       Both:     72.48 MB used.

Virtual space:
  Non-class space:       64.00 MB reserved,      62.81 MB ( 98%) committed,  1 nodes.
      Class space:        1.00 GB reserved,      10.19 MB ( <1%) committed,  1 nodes.
             Both:        1.06 GB reserved,      73.00 MB (  7%) committed. 

Chunk freelists:
   Non-Class:  1.08 MB
       Class:  5.81 MB
        Both:  6.89 MB

MaxMetaspaceSize: unlimited
CompressedClassSpaceSize: 1.00 GB
Initial GC threshold: 21.00 MB
Current GC threshold: 120.25 MB
CDS: off
MetaspaceReclaimPolicy: balanced
 - commit_granule_bytes: 65536.
 - commit_granule_words: 8192.
 - virtual_space_node_default_size: 8388608.
 - enlarge_chunks_in_place: 1.
 - new_chunks_are_fully_committed: 0.
 - uncommit_free_chunks: 1.
 - use_allocation_guard: 0.
 - handle_deallocations: 1.


Internal statistics:

num_allocs_failed_limit: 11.
num_arena_births: 796.
num_arena_deaths: 0.
num_vsnodes_births: 2.
num_vsnodes_deaths: 0.
num_space_committed: 1168.
num_space_uncommitted: 0.
num_chunks_returned_to_freelist: 11.
num_chunks_taken_from_freelist: 3139.
num_chunk_merges: 11.
num_chunk_splits: 2231.
num_chunks_enlarged: 1706.
num_inconsistent_stats: 0.

CodeCache: size=49152Kb used=11444Kb max_used=11444Kb free=37707Kb
 bounds [0x00000153cc220000, 0x00000153ccd50000, 0x00000153cf220000]
 total_blobs=6163 nmethods=5467 adapters=619
 compilation: enabled
              stopped_count=0, restarted_count=0
 full_count=0

Compilation events (20 events):
Event: 10.171 Thread 0x00000153da5f6870 5441       1       org.springframework.jmx.export.assembler.MetadataMBeanInfoAssembler::obtainAttributeSource (22 bytes)
Event: 10.171 Thread 0x00000153dad3d310 5442       1       org.springframework.jmx.export.assembler.AbstractMBeanInfoAssembler::getClassToExpose (5 bytes)
Event: 10.171 Thread 0x00000153dad3d310 nmethod 5442 0x00000153ccd40c90 code [0x00000153ccd40e20, 0x00000153ccd40f08]
Event: 10.171 Thread 0x00000153da5f6870 nmethod 5441 0x00000153ccd40f90 code [0x00000153ccd41120, 0x00000153ccd41288]
Event: 10.171 Thread 0x00000153dad3d310 5443       1       org.springframework.jmx.support.JmxUtils::getClassToExpose (5 bytes)
Event: 10.171 Thread 0x00000153da5f6870 5444       1       org.springframework.jmx.export.annotation.AnnotationJmxAttributeSource::getManagedResource (162 bytes)
Event: 10.171 Thread 0x00000153d578d6d0 nmethod 5440 0x00000153ccd41390 code [0x00000153ccd41540, 0x00000153ccd41768]
Event: 10.171 Thread 0x00000153dad3d310 nmethod 5443 0x00000153ccd41910 code [0x00000153ccd41ac0, 0x00000153ccd41c48]
Event: 10.172 Thread 0x00000153d58615a0 nmethod 5439 0x00000153ccd41d90 code [0x00000153ccd41f60, 0x00000153ccd421c8]
Event: 10.172 Thread 0x00000153da5f6870 nmethod 5444 0x00000153ccd42390 code [0x00000153ccd42640, 0x00000153ccd42dd8]
Event: 10.173 Thread 0x00000153da5f6870 5445       1       com.sun.jmx.mbeanserver.MXBeanSupport::transitiveInterfaces (64 bytes)
Event: 10.173 Thread 0x00000153d578d6d0 5446       1       javax.management.ImmutableDescriptor::makeMap (123 bytes)
Event: 10.173 Thread 0x00000153dad3d310 5447   !   1       com.sun.jmx.mbeanserver.Introspector::descriptorForAnnotations (242 bytes)
Event: 10.173 Thread 0x00000153da5f6870 nmethod 5445 0x00000153ccd43310 code [0x00000153ccd43500, 0x00000153ccd43718]
Event: 10.174 Thread 0x00000153d578d6d0 nmethod 5446 0x00000153ccd43910 code [0x00000153ccd43b20, 0x00000153ccd44058]
Event: 10.176 Thread 0x00000153dad3d310 nmethod 5447 0x00000153ccd44310 code [0x00000153ccd44680, 0x00000153ccd45628]
Event: 10.180 Thread 0x00000153dad3d310 5453       1       java.lang.invoke.MethodType::invokerType (9 bytes)
Event: 10.181 Thread 0x00000153dad3d310 nmethod 5453 0x00000153ccd47210 code [0x00000153ccd473a0, 0x00000153ccd47488]
Event: 10.183 Thread 0x00000153dad3d310 5457       1       org.apache.catalina.LifecycleState::getLifecycleEvent (5 bytes)
Event: 10.184 Thread 0x00000153dad3d310 nmethod 5457 0x00000153ccd48110 code [0x00000153ccd482a0, 0x00000153ccd48378]

GC Heap History (20 events):
Event: 4.822 GC heap before
{Heap before GC invocations=13 (full 0):
 garbage-first heap   total 53248K, used 18640K [0x00000000a0c00000, 0x0000000100000000)
  region size 1024K, 5 young (5120K), 4 survivors (4096K)
 Metaspace       used 38963K, committed 39424K, reserved 1114112K
  class space    used 5021K, committed 5248K, reserved 1048576K
}
Event: 4.827 GC heap after
{Heap after GC invocations=14 (full 0):
 garbage-first heap   total 53248K, used 18827K [0x00000000a0c00000, 0x0000000100000000)
  region size 1024K, 1 young (1024K), 1 survivors (1024K)
 Metaspace       used 38963K, committed 39424K, reserved 1114112K
  class space    used 5021K, committed 5248K, reserved 1048576K
}
Event: 5.445 GC heap before
{Heap before GC invocations=14 (full 0):
 garbage-first heap   total 53248K, used 40331K [0x00000000a0c00000, 0x0000000100000000)
  region size 1024K, 22 young (22528K), 1 survivors (1024K)
 Metaspace       used 42859K, committed 43392K, reserved 1114112K
  class space    used 5569K, committed 5824K, reserved 1048576K
}
Event: 5.449 GC heap after
{Heap after GC invocations=15 (full 0):
 garbage-first heap   total 53248K, used 19431K [0x00000000a0c00000, 0x0000000100000000)
  region size 1024K, 2 young (2048K), 2 survivors (2048K)
 Metaspace       used 42859K, committed 43392K, reserved 1114112K
  class space    used 5569K, committed 5824K, reserved 1048576K
}
Event: 6.003 GC heap before
{Heap before GC invocations=15 (full 0):
 garbage-first heap   total 53248K, used 39911K [0x00000000a0c00000, 0x0000000100000000)
  region size 1024K, 22 young (22528K), 2 survivors (2048K)
 Metaspace       used 48007K, committed 48512K, reserved 1114112K
  class space    used 6297K, committed 6528K, reserved 1048576K
}
Event: 6.007 GC heap after
{Heap after GC invocations=16 (full 0):
 garbage-first heap   total 53248K, used 20753K [0x00000000a0c00000, 0x0000000100000000)
  region size 1024K, 3 young (3072K), 3 survivors (3072K)
 Metaspace       used 48007K, committed 48512K, reserved 1114112K
  class space    used 6297K, committed 6528K, reserved 1048576K
}
Event: 6.816 GC heap before
{Heap before GC invocations=16 (full 0):
 garbage-first heap   total 53248K, used 40209K [0x00000000a0c00000, 0x0000000100000000)
  region size 1024K, 23 young (23552K), 3 survivors (3072K)
 Metaspace       used 55257K, committed 55744K, reserved 1114112K
  class space    used 7268K, committed 7488K, reserved 1048576K
}
Event: 6.821 GC heap after
{Heap after GC invocations=17 (full 0):
 garbage-first heap   total 53248K, used 22634K [0x00000000a0c00000, 0x0000000100000000)
  region size 1024K, 3 young (3072K), 3 survivors (3072K)
 Metaspace       used 55257K, committed 55744K, reserved 1114112K
  class space    used 7268K, committed 7488K, reserved 1048576K
}
Event: 7.400 GC heap before
{Heap before GC invocations=17 (full 0):
 garbage-first heap   total 53248K, used 40042K [0x00000000a0c00000, 0x0000000100000000)
  region size 1024K, 21 young (21504K), 3 survivors (3072K)
 Metaspace       used 59026K, committed 59584K, reserved 1114112K
  class space    used 7761K, committed 8000K, reserved 1048576K
}
Event: 7.403 GC heap after
{Heap after GC invocations=18 (full 0):
 garbage-first heap   total 53248K, used 23780K [0x00000000a0c00000, 0x0000000100000000)
  region size 1024K, 2 young (2048K), 2 survivors (2048K)
 Metaspace       used 59026K, committed 59584K, reserved 1114112K
  class space    used 7761K, committed 8000K, reserved 1048576K
}
Event: 7.436 GC heap before
{Heap before GC invocations=18 (full 0):
 garbage-first heap   total 53248K, used 24804K [0x00000000a0c00000, 0x0000000100000000)
  region size 1024K, 4 young (4096K), 2 survivors (2048K)
 Metaspace       used 59641K, committed 60160K, reserved 1114112K
  class space    used 7804K, committed 8064K, reserved 1048576K
}
Event: 7.438 GC heap after
{Heap after GC invocations=19 (full 0):
 garbage-first heap   total 53248K, used 23611K [0x00000000a0c00000, 0x0000000100000000)
  region size 1024K, 1 young (1024K), 1 survivors (1024K)
 Metaspace       used 59641K, committed 60160K, reserved 1114112K
  class space    used 7804K, committed 8064K, reserved 1048576K
}
Event: 8.240 GC heap before
{Heap before GC invocations=20 (full 0):
 garbage-first heap   total 53248K, used 41019K [0x00000000a0c00000, 0x0000000100000000)
  region size 1024K, 19 young (19456K), 1 survivors (1024K)
 Metaspace       used 64508K, committed 65024K, reserved 1114112K
  class space    used 8745K, committed 8960K, reserved 1048576K
}
Event: 8.244 GC heap after
{Heap after GC invocations=21 (full 0):
 garbage-first heap   total 53248K, used 24193K [0x00000000a0c00000, 0x0000000100000000)
  region size 1024K, 2 young (2048K), 2 survivors (2048K)
 Metaspace       used 64508K, committed 65024K, reserved 1114112K
  class space    used 8745K, committed 8960K, reserved 1048576K
}
Event: 8.902 GC heap before
{Heap before GC invocations=21 (full 0):
 garbage-first heap   total 53248K, used 41601K [0x00000000a0c00000, 0x0000000100000000)
  region size 1024K, 20 young (20480K), 2 survivors (2048K)
 Metaspace       used 68406K, committed 68928K, reserved 1114112K
  class space    used 9304K, committed 9536K, reserved 1048576K
}
Event: 8.905 GC heap after
{Heap after GC invocations=22 (full 0):
 garbage-first heap   total 53248K, used 25566K [0x00000000a0c00000, 0x0000000100000000)
  region size 1024K, 3 young (3072K), 3 survivors (3072K)
 Metaspace       used 68406K, committed 68928K, reserved 1114112K
  class space    used 9304K, committed 9536K, reserved 1048576K
}
Event: 9.485 GC heap before
{Heap before GC invocations=22 (full 0):
 garbage-first heap   total 53248K, used 41950K [0x00000000a0c00000, 0x0000000100000000)
  region size 1024K, 20 young (20480K), 3 survivors (3072K)
 Metaspace       used 71631K, committed 72192K, reserved 1114112K
  class space    used 9769K, committed 9984K, reserved 1048576K
}
Event: 9.491 GC heap after
{Heap after GC invocations=23 (full 0):
 garbage-first heap   total 53248K, used 27193K [0x00000000a0c00000, 0x0000000100000000)
  region size 1024K, 3 young (3072K), 3 survivors (3072K)
 Metaspace       used 71631K, committed 72192K, reserved 1114112K
  class space    used 9769K, committed 9984K, reserved 1048576K
}
Event: 9.901 GC heap before
{Heap before GC invocations=23 (full 0):
 garbage-first heap   total 53248K, used 42553K [0x00000000a0c00000, 0x0000000100000000)
  region size 1024K, 18 young (18432K), 3 survivors (3072K)
 Metaspace       used 73162K, committed 73728K, reserved 1114112K
  class space    used 9988K, committed 10240K, reserved 1048576K
}
Event: 9.906 GC heap after
{Heap after GC invocations=24 (full 0):
 garbage-first heap   total 53248K, used 28628K [0x00000000a0c00000, 0x0000000100000000)
  region size 1024K, 3 young (3072K), 3 survivors (3072K)
 Metaspace       used 73162K, committed 73728K, reserved 1114112K
  class space    used 9988K, committed 10240K, reserved 1048576K
}

Dll operation events (10 events):
Event: 0.020 Loaded shared library C:\Program Files\sts-4.22.1.RELEASE\plugins\org.eclipse.justj.openjdk.hotspot.jre.full.win32.x86_64_17.0.11.v20240426-1830\jre\bin\java.dll
Event: 0.321 Loaded shared library C:\Program Files\sts-4.22.1.RELEASE\plugins\org.eclipse.justj.openjdk.hotspot.jre.full.win32.x86_64_17.0.11.v20240426-1830\jre\bin\jimage.dll
Event: 0.344 Loaded shared library C:\Program Files\sts-4.22.1.RELEASE\plugins\org.eclipse.justj.openjdk.hotspot.jre.full.win32.x86_64_17.0.11.v20240426-1830\jre\bin\net.dll
Event: 0.347 Loaded shared library C:\Program Files\sts-4.22.1.RELEASE\plugins\org.eclipse.justj.openjdk.hotspot.jre.full.win32.x86_64_17.0.11.v20240426-1830\jre\bin\nio.dll
Event: 0.354 Loaded shared library C:\Program Files\sts-4.22.1.RELEASE\plugins\org.eclipse.justj.openjdk.hotspot.jre.full.win32.x86_64_17.0.11.v20240426-1830\jre\bin\zip.dll
Event: 0.460 Loaded shared library C:\Program Files\sts-4.22.1.RELEASE\plugins\org.eclipse.justj.openjdk.hotspot.jre.full.win32.x86_64_17.0.11.v20240426-1830\jre\bin\management.dll
Event: 0.480 Loaded shared library C:\Program Files\sts-4.22.1.RELEASE\plugins\org.eclipse.justj.openjdk.hotspot.jre.full.win32.x86_64_17.0.11.v20240426-1830\jre\bin\management_ext.dll
Event: 0.867 Loaded shared library C:\Program Files\sts-4.22.1.RELEASE\plugins\org.eclipse.justj.openjdk.hotspot.jre.full.win32.x86_64_17.0.11.v20240426-1830\jre\bin\extnet.dll
Event: 3.051 Loaded shared library C:\Program Files\sts-4.22.1.RELEASE\plugins\org.eclipse.justj.openjdk.hotspot.jre.full.win32.x86_64_17.0.11.v20240426-1830\jre\bin\sunmscapi.dll
Event: 5.545 Loaded shared library C:\Program Files\sts-4.22.1.RELEASE\plugins\org.eclipse.justj.openjdk.hotspot.jre.full.win32.x86_64_17.0.11.v20240426-1830\jre\bin\verify.dll

Deoptimization events (4 events):
Event: 9.081 Thread 0x00000153da5d3310 DEOPT PACKING pc=0x00000153cc760794 sp=0x00000024ea3fc980
Event: 9.081 Thread 0x00000153da5d3310 DEOPT UNPACKING pc=0x00000153cc277143 sp=0x00000024ea3fbed8 mode 0
Event: 9.414 Thread 0x00000153da5d3310 DEOPT PACKING pc=0x00000153cc830042 sp=0x00000024ea3fd760
Event: 9.414 Thread 0x00000153da5d3310 DEOPT UNPACKING pc=0x00000153cc277143 sp=0x00000024ea3fcc68 mode 3

Classes unloaded (0 events):
No events

Classes redefined (0 events):
No events

Internal exceptions (20 events):
Event: 8.746 Thread 0x00000153da5d3310 Exception <a 'java/lang/NoSuchMethodError'{0x00000000a34f6560}: 'java.lang.Object java.lang.invoke.DirectMethodHandle$Holder.invokeSpecial(java.lang.Object, java.lang.Object, int, java.lang.Object, int)'> (0x00000000a34f6560) 
thrown [s\src\hotspot\share\interpreter\linkResolver.cpp, line 759]
Event: 8.800 Thread 0x00000153da535ff0 Exception <a 'java/lang/reflect/InvocationTargetException'{0x00000000a3106738}> (0x00000000a3106738) 
thrown [s\src\hotspot\share\runtime\reflection.cpp, line 1121]
Event: 8.867 Thread 0x00000153da5d3310 Exception <a 'java/lang/IncompatibleClassChangeError'{0x00000000a2e0a3c0}: Found class java.lang.Object, but interface was expected> (0x00000000a2e0a3c0) 
thrown [s\src\hotspot\share\interpreter\linkResolver.cpp, line 826]
Event: 8.882 Thread 0x00000153da5d3310 Exception <a 'java/lang/IncompatibleClassChangeError'{0x00000000a2e829f0}: Found class java.lang.Object, but interface was expected> (0x00000000a2e829f0) 
thrown [s\src\hotspot\share\interpreter\linkResolver.cpp, line 826]
Event: 8.944 Thread 0x00000153da5d3310 Exception <a 'java/lang/IncompatibleClassChangeError'{0x00000000a6bfa7b8}: Found class java.lang.Object, but interface was expected> (0x00000000a6bfa7b8) 
thrown [s\src\hotspot\share\interpreter\linkResolver.cpp, line 826]
Event: 9.153 Thread 0x00000153da5d3310 Exception <a 'java/lang/IncompatibleClassChangeError'{0x00000000a38c41c0}: Found class java.lang.Object, but interface was expected> (0x00000000a38c41c0) 
thrown [s\src\hotspot\share\interpreter\linkResolver.cpp, line 826]
Event: 9.231 Thread 0x00000153da5d3310 Exception <a 'java/lang/reflect/InvocationTargetException'{0x00000000a3526c80}> (0x00000000a3526c80) 
thrown [s\src\hotspot\share\runtime\reflection.cpp, line 1121]
Event: 9.247 Thread 0x00000153da5d3310 Exception <a 'java/lang/NoSuchMethodError'{0x00000000a358cff8}: 'int java.lang.invoke.DirectMethodHandle$Holder.invokeStatic(java.lang.Object, java.lang.Object, int)'> (0x00000000a358cff8) 
thrown [s\src\hotspot\share\interpreter\linkResolver.cpp, line 759]
Event: 9.259 Thread 0x00000153da5d3310 Exception <a 'java/lang/IncompatibleClassChangeError'{0x00000000a35d5588}: Found class java.lang.Object, but interface was expected> (0x00000000a35d5588) 
thrown [s\src\hotspot\share\interpreter\linkResolver.cpp, line 826]
Event: 9.337 Thread 0x00000153da5d3310 Exception <a 'java/lang/NoSuchMethodError'{0x00000000a338dd20}: 'java.lang.Object java.lang.invoke.DirectMethodHandle$Holder.invokeStatic(java.lang.Object, int, java.lang.Object)'> (0x00000000a338dd20) 
thrown [s\src\hotspot\share\interpreter\linkResolver.cpp, line 759]
Event: 9.382 Thread 0x00000153da5d3310 Exception <a 'java/lang/reflect/InvocationTargetException'{0x00000000a3108b88}> (0x00000000a3108b88) 
thrown [s\src\hotspot\share\runtime\reflection.cpp, line 1121]
Event: 9.434 Thread 0x00000153da5d3310 Exception <a 'java/lang/NoSuchMethodError'{0x00000000a304ca20}: 'java.lang.Object java.lang.invoke.DirectMethodHandle$Holder.invokeInterface(java.lang.Object, java.lang.Object, java.lang.Object, java.lang.Object)'> (0x00000000a304ca20) 
thrown [s\src\hotspot\share\interpreter\linkResolver.cpp, line 759]
Event: 9.747 Thread 0x00000153da5d3310 Exception <a 'sun/nio/fs/WindowsException'{0x00000000a38ded18}> (0x00000000a38ded18) 
thrown [s\src\hotspot\share\prims\jni.cpp, line 516]
Event: 9.818 Thread 0x00000153da5d3310 Exception <a 'java/lang/IncompatibleClassChangeError'{0x00000000a34d4808}: Found class java.lang.Object, but interface was expected> (0x00000000a34d4808) 
thrown [s\src\hotspot\share\interpreter\linkResolver.cpp, line 826]
Event: 9.873 Thread 0x00000153da5d3310 Exception <a 'java/lang/NoSuchMethodError'{0x00000000a32abbc8}: 'void java.lang.invoke.DirectMethodHandle$Holder.invokeVirtual(java.lang.Object, java.lang.Object, long)'> (0x00000000a32abbc8) 
thrown [s\src\hotspot\share\interpreter\linkResolver.cpp, line 759]
Event: 10.034 Thread 0x00000153da5d3310 Exception <a 'java/lang/IncompatibleClassChangeError'{0x00000000a3b5b0a8}: Found class java.lang.Object, but interface was expected> (0x00000000a3b5b0a8) 
thrown [s\src\hotspot\share\interpreter\linkResolver.cpp, line 826]
Event: 10.178 Thread 0x00000153da5d3310 Exception <a 'java/lang/NoSuchMethodError'{0x00000000a36bc718}: 'java.lang.Object java.lang.invoke.DirectMethodHandle$Holder.newInvokeSpecial(java.lang.Object, java.lang.Object, int, java.lang.Object, java.lang.Object)'> (0x00000000a36bc718) 
thrown [s\src\hotspot\share\interpreter\linkResolver.cpp, line 759]
Event: 10.180 Thread 0x00000153da5d3310 Exception <a 'java/lang/NoSuchMethodError'{0x00000000a36c79b0}: 'java.lang.Object java.lang.invoke.DirectMethodHandle$Holder.invokeSpecial(java.lang.Object, java.lang.Object, int, java.lang.Object, int, java.lang.Object)'> (0x00000000a36c79b0) 
thrown [s\src\hotspot\share\interpreter\linkResolver.cpp, line 759]
Event: 10.181 Thread 0x00000153da5d3310 Exception <a 'java/lang/NoSuchMethodError'{0x00000000a36cf9d0}: 'java.lang.Object java.lang.invoke.DirectMethodHandle$Holder.newInvokeSpecial(java.lang.Object, java.lang.Object, int, java.lang.Object, int)'> (0x00000000a36cf9d0) 
thrown [s\src\hotspot\share\interpreter\linkResolver.cpp, line 759]
Event: 10.182 Thread 0x00000153da5d3310 Exception <a 'java/lang/NoSuchMethodError'{0x00000000a36d3ad0}: 'java.lang.Object java.lang.invoke.DirectMethodHandle$Holder.invokeSpecial(java.lang.Object, java.lang.Object, java.lang.Object, int, java.lang.Object, int)'> (0x00000000a36d3ad0) 
thrown [s\src\hotspot\share\interpreter\linkResolver.cpp, line 759]

VM Operations (20 events):
Event: 9.171 Executing VM operation: HandshakeAllThreads
Event: 9.171 Executing VM operation: HandshakeAllThreads done
Event: 9.485 Executing VM operation: G1CollectForAllocation
Event: 9.491 Executing VM operation: G1CollectForAllocation done
Event: 9.599 Executing VM operation: HandshakeAllThreads
Event: 9.599 Executing VM operation: HandshakeAllThreads done
Event: 9.617 Executing VM operation: HandshakeAllThreads
Event: 9.618 Executing VM operation: HandshakeAllThreads done
Event: 9.673 Executing VM operation: HandshakeAllThreads
Event: 9.673 Executing VM operation: HandshakeAllThreads done
Event: 9.899 Executing VM operation: HandshakeAllThreads
Event: 9.899 Executing VM operation: HandshakeAllThreads done
Event: 9.901 Executing VM operation: G1CollectForAllocation
Event: 9.906 Executing VM operation: G1CollectForAllocation done
Event: 9.938 Executing VM operation: G1PauseRemark
Event: 9.940 Executing VM operation: G1PauseRemark done
Event: 9.954 Executing VM operation: G1PauseCleanup
Event: 9.954 Executing VM operation: G1PauseCleanup done
Event: 10.176 Executing VM operation: HandshakeAllThreads
Event: 10.176 Executing VM operation: HandshakeAllThreads done

Events (20 events):
Event: 10.215 loading class sun/nio/ch/SocketChannelImpl done
Event: 10.215 loading class java/nio/channels/spi/AbstractInterruptibleChannel$1
Event: 10.215 loading class sun/nio/ch/Interruptible
Event: 10.215 loading class sun/nio/ch/Interruptible done
Event: 10.215 loading class java/nio/channels/spi/AbstractInterruptibleChannel$1 done
Event: 10.216 loading class java/nio/BufferMismatch
Event: 10.217 loading class java/nio/BufferMismatch done
Event: 10.217 loading class sun/nio/ch/SourceChannelImpl
Event: 10.217 loading class java/nio/channels/Pipe$SourceChannel
Event: 10.217 loading class java/nio/channels/Pipe$SourceChannel done
Event: 10.217 loading class sun/nio/ch/SourceChannelImpl done
Event: 10.217 loading class sun/nio/ch/SinkChannelImpl
Event: 10.217 loading class java/nio/channels/Pipe$SinkChannel
Event: 10.217 loading class java/nio/channels/Pipe$SinkChannel done
Event: 10.217 loading class sun/nio/ch/SinkChannelImpl done
Event: 10.219 Thread 0x00000153dc28d7d0 Thread added: 0x00000153dc28d7d0
Event: 10.219 loading class java/nio/channels/spi/AbstractSelector$1
Event: 10.219 loading class java/nio/channels/spi/AbstractSelector$1 done
Event: 10.220 Thread 0x00000153dc28af50 Thread added: 0x00000153dc28af50
Event: 10.221 loading class java/util/TreeMap$ValueSpliterator


Dynamic libraries:
0x00007ff7db890000 - 0x00007ff7db89e000 	C:\Program Files\sts-4.22.1.RELEASE\plugins\org.eclipse.justj.openjdk.hotspot.jre.full.win32.x86_64_17.0.11.v20240426-1830\jre\bin\javaw.exe
0x00007ffcf2a30000 - 0x00007ffcf2c28000 	C:\Windows\SYSTEM32\ntdll.dll
0x00007ffcf28a0000 - 0x00007ffcf295d000 	C:\Windows\System32\KERNEL32.DLL
0x00007ffcf00e0000 - 0x00007ffcf03d6000 	C:\Windows\System32\KERNELBASE.dll
0x00007ffcf04e0000 - 0x00007ffcf05e0000 	C:\Windows\System32\ucrtbase.dll
0x00007ffce90c0000 - 0x00007ffce90d7000 	C:\Program Files\sts-4.22.1.RELEASE\plugins\org.eclipse.justj.openjdk.hotspot.jre.full.win32.x86_64_17.0.11.v20240426-1830\jre\bin\jli.dll
0x00007ffce8570000 - 0x00007ffce858b000 	C:\Program Files\sts-4.22.1.RELEASE\plugins\org.eclipse.justj.openjdk.hotspot.jre.full.win32.x86_64_17.0.11.v20240426-1830\jre\bin\VCRUNTIME140.dll
0x00007ffcf15e0000 - 0x00007ffcf177f000 	C:\Windows\System32\USER32.dll
0x00007ffcef440000 - 0x00007ffcef6da000 	C:\Windows\WinSxS\amd64_microsoft.windows.common-controls_6595b64144ccf1df_6.0.19041.4355_none_60b8b9eb71f62e16\COMCTL32.dll
0x00007ffcf1d20000 - 0x00007ffcf1dbe000 	C:\Windows\System32\msvcrt.dll
0x00007ffcf1460000 - 0x00007ffcf148b000 	C:\Windows\System32\GDI32.dll
0x00007ffcf0950000 - 0x00007ffcf0972000 	C:\Windows\System32\win32u.dll
0x00007ffcf06d0000 - 0x00007ffcf07e7000 	C:\Windows\System32\gdi32full.dll
0x00007ffcf0630000 - 0x00007ffcf06cd000 	C:\Windows\System32\msvcp_win.dll
0x00007ffcf2000000 - 0x00007ffcf2032000 	C:\Windows\System32\IMM32.DLL
0x00007ffcec980000 - 0x00007ffcec98c000 	C:\Program Files\sts-4.22.1.RELEASE\plugins\org.eclipse.justj.openjdk.hotspot.jre.full.win32.x86_64_17.0.11.v20240426-1830\jre\bin\vcruntime140_1.dll
0x00007ffcdcfb0000 - 0x00007ffcdd03d000 	C:\Program Files\sts-4.22.1.RELEASE\plugins\org.eclipse.justj.openjdk.hotspot.jre.full.win32.x86_64_17.0.11.v20240426-1830\jre\bin\msvcp140.dll
0x00007ffc56ac0000 - 0x00007ffc57722000 	C:\Program Files\sts-4.22.1.RELEASE\plugins\org.eclipse.justj.openjdk.hotspot.jre.full.win32.x86_64_17.0.11.v20240426-1830\jre\bin\server\jvm.dll
0x00007ffcf2660000 - 0x00007ffcf2710000 	C:\Windows\System32\ADVAPI32.dll
0x00007ffcf1f50000 - 0x00007ffcf1ff0000 	C:\Windows\System32\sechost.dll
0x00007ffcf2770000 - 0x00007ffcf2893000 	C:\Windows\System32\RPCRT4.dll
0x00007ffcf0a30000 - 0x00007ffcf0a57000 	C:\Windows\System32\bcrypt.dll
0x00007ffceff30000 - 0x00007ffceff7b000 	C:\Windows\SYSTEM32\POWRPROF.dll
0x00007ffce5890000 - 0x00007ffce58b7000 	C:\Windows\SYSTEM32\WINMM.dll
0x00007ffcecd00000 - 0x00007ffcecd0a000 	C:\Windows\SYSTEM32\VERSION.dll
0x00007ffc9a810000 - 0x00007ffc9a819000 	C:\Windows\SYSTEM32\WSOCK32.dll
0x00007ffcf2980000 - 0x00007ffcf29eb000 	C:\Windows\System32\WS2_32.dll
0x00007ffceff10000 - 0x00007ffceff22000 	C:\Windows\SYSTEM32\UMPDC.dll
0x00007ffced160000 - 0x00007ffced172000 	C:\Windows\SYSTEM32\kernel.appcore.dll
0x00007ffce9f60000 - 0x00007ffce9f6a000 	C:\Program Files\sts-4.22.1.RELEASE\plugins\org.eclipse.justj.openjdk.hotspot.jre.full.win32.x86_64_17.0.11.v20240426-1830\jre\bin\jimage.dll
0x00007ffcef9e0000 - 0x00007ffcefbc4000 	C:\Windows\SYSTEM32\DBGHELP.DLL
0x00007ffcef9a0000 - 0x00007ffcef9d4000 	C:\Windows\SYSTEM32\dbgcore.DLL
0x00007ffcf0450000 - 0x00007ffcf04d2000 	C:\Windows\System32\bcryptPrimitives.dll
0x00007ffccfb20000 - 0x00007ffccfb45000 	C:\Program Files\sts-4.22.1.RELEASE\plugins\org.eclipse.justj.openjdk.hotspot.jre.full.win32.x86_64_17.0.11.v20240426-1830\jre\bin\java.dll
0x00007ffccf8f0000 - 0x00007ffccf908000 	C:\Program Files\sts-4.22.1.RELEASE\plugins\org.eclipse.justj.openjdk.hotspot.jre.full.win32.x86_64_17.0.11.v20240426-1830\jre\bin\zip.dll
0x00007ffcf0bd0000 - 0x00007ffcf133b000 	C:\Windows\System32\SHELL32.dll
0x00007ffced360000 - 0x00007ffcedafd000 	C:\Windows\SYSTEM32\windows.storage.dll
0x00007ffcf20f0000 - 0x00007ffcf2443000 	C:\Windows\System32\combase.dll
0x00007ffcef3a0000 - 0x00007ffcef3ce000 	C:\Windows\SYSTEM32\Wldp.dll
0x00007ffcf1510000 - 0x00007ffcf15dd000 	C:\Windows\System32\OLEAUT32.dll
0x00007ffcf2040000 - 0x00007ffcf20ed000 	C:\Windows\System32\SHCORE.dll
0x00007ffcf2600000 - 0x00007ffcf2655000 	C:\Windows\System32\shlwapi.dll
0x00007ffcf0010000 - 0x00007ffcf0034000 	C:\Windows\SYSTEM32\profapi.dll
0x00007ffccf8d0000 - 0x00007ffccf8e9000 	C:\Program Files\sts-4.22.1.RELEASE\plugins\org.eclipse.justj.openjdk.hotspot.jre.full.win32.x86_64_17.0.11.v20240426-1830\jre\bin\net.dll
0x00007ffce5bb0000 - 0x00007ffce5cba000 	C:\Windows\SYSTEM32\WINHTTP.dll
0x00007ffcef270000 - 0x00007ffcef2da000 	C:\Windows\system32\mswsock.dll
0x00007ffccf8b0000 - 0x00007ffccf8c6000 	C:\Program Files\sts-4.22.1.RELEASE\plugins\org.eclipse.justj.openjdk.hotspot.jre.full.win32.x86_64_17.0.11.v20240426-1830\jre\bin\nio.dll
0x00007ffce8cd0000 - 0x00007ffce8cd9000 	C:\Program Files\sts-4.22.1.RELEASE\plugins\org.eclipse.justj.openjdk.hotspot.jre.full.win32.x86_64_17.0.11.v20240426-1830\jre\bin\management.dll
0x00007ffce8560000 - 0x00007ffce856b000 	C:\Program Files\sts-4.22.1.RELEASE\plugins\org.eclipse.justj.openjdk.hotspot.jre.full.win32.x86_64_17.0.11.v20240426-1830\jre\bin\management_ext.dll
0x00007ffcf1ff0000 - 0x00007ffcf1ff8000 	C:\Windows\System32\PSAPI.DLL
0x00007ffcd7750000 - 0x00007ffcd7767000 	C:\Windows\system32\napinsp.dll
0x00007ffcd7770000 - 0x00007ffcd778b000 	C:\Windows\system32\pnrpnsp.dll
0x00007ffce9a80000 - 0x00007ffce9a95000 	C:\Windows\system32\wshbth.dll
0x00007ffceacf0000 - 0x00007ffcead0d000 	C:\Windows\system32\NLAapi.dll
0x00007ffceede0000 - 0x00007ffceee1b000 	C:\Windows\SYSTEM32\IPHLPAPI.DLL
0x00007ffceee20000 - 0x00007ffceeeeb000 	C:\Windows\SYSTEM32\DNSAPI.dll
0x00007ffcf1340000 - 0x00007ffcf1348000 	C:\Windows\System32\NSI.dll
0x00007ffcd7710000 - 0x00007ffcd7722000 	C:\Windows\System32\winrnr.dll
0x00007ffcdf6c0000 - 0x00007ffcdf6ca000 	C:\Windows\System32\rasadhlp.dll
0x00007ffcdf700000 - 0x00007ffcdf780000 	C:\Windows\System32\fwpuclnt.dll
0x00007ffcefdd0000 - 0x00007ffcefde8000 	C:\Windows\SYSTEM32\CRYPTSP.dll
0x00007ffceea80000 - 0x00007ffceeab4000 	C:\Windows\system32\rsaenh.dll
0x00007ffceffc0000 - 0x00007ffceffee000 	C:\Windows\SYSTEM32\USERENV.dll
0x00007ffcef360000 - 0x00007ffcef36c000 	C:\Windows\SYSTEM32\CRYPTBASE.dll
0x00007ffce5e40000 - 0x00007ffce5e57000 	C:\Windows\SYSTEM32\dhcpcsvc6.DLL
0x00007ffce6080000 - 0x00007ffce609d000 	C:\Windows\SYSTEM32\dhcpcsvc.DLL
0x00007ffce9f70000 - 0x00007ffce9f79000 	C:\Program Files\sts-4.22.1.RELEASE\plugins\org.eclipse.justj.openjdk.hotspot.jre.full.win32.x86_64_17.0.11.v20240426-1830\jre\bin\extnet.dll
0x00007ffcd4900000 - 0x00007ffcd490e000 	C:\Program Files\sts-4.22.1.RELEASE\plugins\org.eclipse.justj.openjdk.hotspot.jre.full.win32.x86_64_17.0.11.v20240426-1830\jre\bin\sunmscapi.dll
0x00007ffcf07f0000 - 0x00007ffcf094e000 	C:\Windows\System32\CRYPT32.dll
0x00007ffcef410000 - 0x00007ffcef439000 	C:\Windows\SYSTEM32\ncrypt.dll
0x00007ffcef3d0000 - 0x00007ffcef40b000 	C:\Windows\SYSTEM32\NTASN1.dll
0x00007ffce8550000 - 0x00007ffce8560000 	C:\Program Files\sts-4.22.1.RELEASE\plugins\org.eclipse.justj.openjdk.hotspot.jre.full.win32.x86_64_17.0.11.v20240426-1830\jre\bin\verify.dll
0x00007ffce9830000 - 0x00007ffce9837000 	C:\Windows\system32\wshunix.dll

dbghelp: loaded successfully - version: 4.0.5 - missing functions: none
symbol engine: initialized successfully - sym options: 0x614 - pdb path: .;C:\Program Files\sts-4.22.1.RELEASE\plugins\org.eclipse.justj.openjdk.hotspot.jre.full.win32.x86_64_17.0.11.v20240426-1830\jre\bin;C:\Windows\SYSTEM32;C:\Windows\WinSxS\amd64_microsoft.windows.common-controls_6595b64144ccf1df_6.0.19041.4355_none_60b8b9eb71f62e16;C:\Program Files\sts-4.22.1.RELEASE\plugins\org.eclipse.justj.openjdk.hotspot.jre.full.win32.x86_64_17.0.11.v20240426-1830\jre\bin\server

VM Arguments:
jvm_args: -Dcom.sun.management.jmxremote -Dcom.sun.management.jmxremote.port=52638 -Dcom.sun.management.jmxremote.authenticate=false -Dcom.sun.management.jmxremote.ssl=false -Djava.rmi.server.hostname=localhost -Dspring.jmx.enabled=true -Dmanagement.endpoints.jmx.exposure.include=* -Dspring.application.admin.enabled=true -XX:TieredStopAtLevel=1 -Dspring.boot.project.name=blogpessoal -Dfile.encoding=UTF-8 -Dstdout.encoding=UTF-8 -Dstderr.encoding=UTF-8 -XX:+ShowCodeDetailsInExceptionMessages 
java_command: com.generation.blogpessoal.BlogpessoalApplication --spring.output.ansi.enabled=always
java_class_path (initial): C:\Users\jstor\Documents\workspace-spring-tool-suite-4-4.22.1.RELEASE\blogpessoal\target\classes;C:\Users\jstor\.m2\repository\org\springframework\boot\spring-boot-starter-data-jpa\3.2.5\spring-boot-starter-data-jpa-3.2.5.jar;C:\Users\jstor\.m2\repository\org\springframework\boot\spring-boot-starter-aop\3.2.5\spring-boot-starter-aop-3.2.5.jar;C:\Users\jstor\.m2\repository\org\springframework\spring-aop\6.1.6\spring-aop-6.1.6.jar;C:\Users\jstor\.m2\repository\org\aspectj\aspectjweaver\1.9.22\aspectjweaver-1.9.22.jar;C:\Users\jstor\.m2\repository\org\springframework\boot\spring-boot-starter-jdbc\3.2.5\spring-boot-starter-jdbc-3.2.5.jar;C:\Users\jstor\.m2\repository\com\zaxxer\HikariCP\5.0.1\HikariCP-5.0.1.jar;C:\Users\jstor\.m2\repository\org\springframework\spring-jdbc\6.1.6\spring-jdbc-6.1.6.jar;C:\Users\jstor\.m2\repository\org\hibernate\orm\hibernate-core\6.4.4.Final\hibernate-core-6.4.4.Final.jar;C:\Users\jstor\.m2\repository\jakarta\persistence\jakarta.persistence-api\3.1.0\jakarta.persistence-api-3.1.0.jar;C:\Users\jstor\.m2\repository\jakarta\transaction\jakarta.transaction-api\2.0.1\jakarta.transaction-api-2.0.1.jar;C:\Users\jstor\.m2\repository\org\jboss\logging\jboss-logging\3.5.3.Final\jboss-logging-3.5.3.Final.jar;C:\Users\jstor\.m2\repository\org\hibernate\common\hibernate-commons-annotations\6.0.6.Final\hibernate-commons-annotations-6.0.6.Final.jar;C:\Users\jstor\.m2\repository\io\smallrye\jandex\3.1.2\jandex-3.1.2.jar;C:\Users\jstor\.m2\repository\com\fasterxml\classmate\1.6.0\classmate-1.6.0.jar;C:\Users\jstor\.m2\repository\net\bytebuddy\byte-buddy\1.14.13\byte-buddy-1.14.13.jar;C:\Users\jstor\.m2\repository\org\glassfish\jaxb\jaxb-runtime\4.0.5\jaxb-runtime-4.0.5.jar;C:\Users\jstor\.m2\repository\org\glassfish\jaxb\jaxb-core\4.0.5\jaxb-core-4.0.5.jar;C:\Users\jstor\.m2\repository\org\eclipse\angus\angus-activation\2.0.2\angus-activation-2.0.2.jar;C:\Users\jstor\.m2\repository\org\glassfish\jaxb\txw2\4.0.5\txw2-4.0.5.jar;
Launcher Type: SUN_STANDARD

[Global flags]
     intx CICompilerCount                          = 4                                         {product} {ergonomic}
     uint ConcGCThreads                            = 2                                         {product} {ergonomic}
     uint G1ConcRefinementThreads                  = 8                                         {product} {ergonomic}
   size_t G1HeapRegionSize                         = 1048576                                   {product} {ergonomic}
    uintx GCDrainStackTargetSize                   = 64                                        {product} {ergonomic}
   size_t InitialHeapSize                          = 100663296                                 {product} {ergonomic}
     bool ManagementServer                         = true                                      {product} {command line}
   size_t MarkStackSize                            = 4194304                                   {product} {ergonomic}
   size_t MaxHeapSize                              = 1598029824                                {product} {ergonomic}
   size_t MaxNewSize                               = 958398464                                 {product} {ergonomic}
   size_t MinHeapDeltaBytes                        = 1048576                                   {product} {ergonomic}
   size_t MinHeapSize                              = 8388608                                   {product} {ergonomic}
    uintx NonProfiledCodeHeapSize                  = 0                                      {pd product} {ergonomic}
     bool ProfileInterpreter                       = false                                  {pd product} {command line}
    uintx ProfiledCodeHeapSize                     = 0                                      {pd product} {ergonomic}
     bool ShowCodeDetailsInExceptionMessages       = true                                   {manageable} {command line}
   size_t SoftMaxHeapSize                          = 1598029824                             {manageable} {ergonomic}
     intx TieredStopAtLevel                        = 1                                         {product} {command line}
     bool UseCompressedClassPointers               = true                           {product lp64_product} {ergonomic}
     bool UseCompressedOops                        = true                           {product lp64_product} {ergonomic}
     bool UseG1GC                                  = true                                      {product} {ergonomic}
     bool UseLargePagesIndividualAllocation        = false                                  {pd product} {ergonomic}

Logging:
Log output configuration:
 #0: stdout all=warning uptime,level,tags
 #1: stderr all=off uptime,level,tags

Environment Variables:
JAVA_HOME=C:\Program Files\Java\jdk-17.0.3.1
PATH=C:/Program Files/sts-4.22.1.RELEASE//plugins/org.eclipse.justj.openjdk.hotspot.jre.full.win32.x86_64_17.0.11.v20240426-1830/jre/bin/server;C:/Program Files/sts-4.22.1.RELEASE//plugins/org.eclipse.justj.openjdk.hotspot.jre.full.win32.x86_64_17.0.11.v20240426-1830/jre/bin;C:\Program Files\Common Files\Oracle\Java\javapath;C:\Windows\system32;C:\Windows;C:\Windows\System32\Wbem;C:\Windows\System32\WindowsPowerShell\v1.0\;C:\Windows\System32\OpenSSH\;C:\Program Files\Git\cmd;C:\Program Files\Java\jdk-17.0.3.1;C:\Program Files\nodejs\;C:\Users\jstor\AppData\Local\Microsoft\WindowsApps;C:\Users\jstor\AppData\Local\Programs\Microsoft VS Code\bin;C:\Users\jstor\AppData\Roaming\npm;C:\Program Files\sts-4.22.1.RELEASE;
USERNAME=jstor
OS=Windows_NT
PROCESSOR_IDENTIFIER=AMD64 Family 23 Model 24 Stepping 1, AuthenticAMD
TMP=C:\Users\jstor\AppData\Local\Temp
TEMP=C:\Users\jstor\AppData\Local\Temp



Periodic native trim disabled


---------------  S Y S T E M  ---------------

OS:
 Windows 10 , 64 bit Build 19041 (10.0.19041.3636)
OS uptime: 0 days 7:12 hours

CPU: total 8 (initial active 8) (8 cores per cpu, 2 threads per core) family 23 model 24 stepping 1 microcode 0x0, cx8, cmov, fxsr, ht, mmx, 3dnowpref, sse, sse2, sse3, ssse3, sse4a, sse4.1, sse4.2, popcnt, lzcnt, tsc, tscinvbit, avx, avx2, aes, clmul, bmi1, bmi2, adx, sha, fma, vzeroupper, clflush, clflushopt
Processor Information for all 8 processors :
  Max Mhz: 2100, Current Mhz: 2100, Mhz Limit: 2100

Memory: 4k page, system-wide physical 6091M (590M free)
TotalPageFile size 14027M (AvailPageFile size 3293M)
current process WorkingSet (physical memory assigned to process): 205M, peak: 205M
current process commit charge ("private bytes"): 237M, peak: 237M

vm_info: OpenJDK 64-Bit Server VM (17.0.11+9) for windows-amd64 JRE (17.0.11+9), built on Apr 17 2024 06:07:48 by "admin" with MS VC++ 16.10 / 16.11 (VS2019)

END.
